2025-07-11 06:42:07,313 CRIT Supervisor is running as root.  Privileges were not dropped because no user is specified in the config file.  If you intend to run as root, you can set user=root in the config file to avoid this message.
2025-07-11 06:42:07,318 INFO RPC interface 'supervisor' initialized
2025-07-11 06:42:07,318 CRIT Server 'inet_http_server' running without any HTTP authentication checking
2025-07-11 06:42:07,318 INFO supervisord started with pid 1
2025-07-11 06:42:08,328 INFO spawned: 'dramatiq' with pid 127
2025-07-11 06:42:08,332 INFO spawned: 'gunicorn' with pid 128
2025-07-11 06:42:08,334 INFO spawned: 'nginx' with pid 129
2025-07-11 06:42:14,046 INFO success: dramatiq entered RUNNING state, process has stayed up for > than 5 seconds (startsecs)
2025-07-11 06:42:14,047 INFO success: gunicorn entered RUNNING state, process has stayed up for > than 5 seconds (startsecs)
2025-07-11 06:42:14,048 INFO success: nginx entered RUNNING state, process has stayed up for > than 5 seconds (startsecs)
2025-07-11 08:14:44,363 WARN received SIGTERM indicating exit request
2025-07-11 08:14:44,365 INFO waiting for dramatiq, gunicorn, nginx to die
2025-07-11 08:14:44,424 INFO stopped: nginx (exit status 0)
2025-07-11 08:14:45,563 INFO stopped: gunicorn (exit status 0)
2025-07-11 08:14:46,700 WARN received SIGTERM indicating exit request
2025-07-11 08:14:47,444 INFO waiting for dramatiq to die
2025-07-11 08:14:48,788 INFO stopped: dramatiq (exit status 0)
2025-07-12 11:34:17,488 CRIT Supervisor is running as root.  Privileges were not dropped because no user is specified in the config file.  If you intend to run as root, you can set user=root in the config file to avoid this message.
2025-07-12 11:34:17,493 INFO RPC interface 'supervisor' initialized
2025-07-12 11:34:17,493 CRIT Server 'inet_http_server' running without any HTTP authentication checking
2025-07-12 11:34:17,493 INFO supervisord started with pid 1
2025-07-12 11:34:18,080 INFO spawned: 'dramatiq' with pid 114
2025-07-12 11:34:18,082 INFO spawned: 'gunicorn' with pid 115
2025-07-12 11:34:18,084 INFO spawned: 'nginx' with pid 116
2025-07-12 11:34:23,325 INFO success: dramatiq entered RUNNING state, process has stayed up for > than 5 seconds (startsecs)
2025-07-12 11:34:23,328 INFO success: gunicorn entered RUNNING state, process has stayed up for > than 5 seconds (startsecs)
2025-07-12 11:34:23,330 INFO success: nginx entered RUNNING state, process has stayed up for > than 5 seconds (startsecs)
2025-07-12 15:22:32,634 WARN received SIGTERM indicating exit request
2025-07-12 15:22:32,636 INFO waiting for dramatiq, gunicorn, nginx to die
2025-07-12 15:22:32,659 INFO stopped: nginx (exit status 0)
2025-07-13 06:10:26,323 CRIT Supervisor is running as root.  Privileges were not dropped because no user is specified in the config file.  If you intend to run as root, you can set user=root in the config file to avoid this message.
2025-07-13 06:10:26,327 INFO RPC interface 'supervisor' initialized
2025-07-13 06:10:26,328 CRIT Server 'inet_http_server' running without any HTTP authentication checking
2025-07-13 06:10:26,328 INFO supervisord started with pid 1
2025-07-13 06:10:27,336 INFO spawned: 'dramatiq' with pid 108
2025-07-13 06:10:27,338 INFO spawned: 'gunicorn' with pid 109
2025-07-13 06:10:27,340 INFO spawned: 'nginx' with pid 110
2025-07-13 06:10:31,117 WARN received SIGTERM indicating exit request
2025-07-13 06:10:31,118 INFO waiting for dramatiq, gunicorn, nginx to die
2025-07-13 06:10:32,172 INFO stopped: nginx (exit status 0)
2025-07-13 06:10:32,666 INFO success: dramatiq entered RUNNING state, process has stayed up for > than 5 seconds (startsecs)
2025-07-13 06:10:33,410 INFO stopped: gunicorn (exit status 0)
2025-07-13 06:10:34,169 INFO waiting for dramatiq to die
2025-07-13 06:10:37,123 INFO stopped: dramatiq (exit status 0)
2025-07-14 07:12:34,156 CRIT Supervisor is running as root.  Privileges were not dropped because no user is specified in the config file.  If you intend to run as root, you can set user=root in the config file to avoid this message.
2025-07-14 07:12:34,164 INFO RPC interface 'supervisor' initialized
2025-07-14 07:12:34,164 CRIT Server 'inet_http_server' running without any HTTP authentication checking
2025-07-14 07:12:34,164 INFO supervisord started with pid 1
2025-07-14 07:12:34,907 INFO spawned: 'dramatiq' with pid 114
2025-07-14 07:12:34,908 INFO spawned: 'gunicorn' with pid 115
2025-07-14 07:12:34,910 INFO spawned: 'nginx' with pid 116
2025-07-14 07:12:39,990 INFO success: dramatiq entered RUNNING state, process has stayed up for > than 5 seconds (startsecs)
2025-07-14 07:12:39,990 INFO success: gunicorn entered RUNNING state, process has stayed up for > than 5 seconds (startsecs)
2025-07-14 07:12:39,990 INFO success: nginx entered RUNNING state, process has stayed up for > than 5 seconds (startsecs)
2025-07-14 07:12:39,990 WARN received SIGTERM indicating exit request
2025-07-14 07:12:39,990 INFO waiting for dramatiq, gunicorn, nginx to die
2025-07-14 07:12:40,010 INFO stopped: nginx (exit status 0)
2025-07-14 07:12:40,733 INFO stopped: gunicorn (exit status 0)
2025-07-14 07:12:43,687 INFO waiting for dramatiq to die
2025-07-14 07:12:43,719 INFO stopped: dramatiq (exit status 0)
2025-07-15 09:25:03,404 CRIT Supervisor is running as root.  Privileges were not dropped because no user is specified in the config file.  If you intend to run as root, you can set user=root in the config file to avoid this message.
2025-07-15 09:25:03,411 INFO RPC interface 'supervisor' initialized
2025-07-15 09:25:03,411 CRIT Server 'inet_http_server' running without any HTTP authentication checking
2025-07-15 09:25:03,411 INFO supervisord started with pid 1
2025-07-15 09:25:04,220 INFO spawned: 'dramatiq' with pid 114
2025-07-15 09:25:04,221 INFO spawned: 'gunicorn' with pid 115
2025-07-15 09:25:04,223 INFO spawned: 'nginx' with pid 116
2025-07-15 09:25:09,349 INFO success: dramatiq entered RUNNING state, process has stayed up for > than 5 seconds (startsecs)
2025-07-15 09:25:09,350 INFO success: gunicorn entered RUNNING state, process has stayed up for > than 5 seconds (startsecs)
2025-07-15 09:25:09,350 INFO success: nginx entered RUNNING state, process has stayed up for > than 5 seconds (startsecs)
2025-07-15 10:17:17,764 WARN received SIGTERM indicating exit request
2025-07-15 10:17:17,765 INFO waiting for dramatiq, gunicorn, nginx to die
2025-07-15 10:17:17,838 INFO stopped: nginx (exit status 0)
2025-07-15 10:17:18,983 INFO stopped: gunicorn (exit status 0)
2025-07-15 10:17:20,770 INFO waiting for dramatiq to die
2025-07-15 10:17:22,022 INFO stopped: dramatiq (exit status 0)
2025-07-15 10:54:07,177 CRIT Supervisor is running as root.  Privileges were not dropped because no user is specified in the config file.  If you intend to run as root, you can set user=root in the config file to avoid this message.
2025-07-15 10:54:07,184 INFO RPC interface 'supervisor' initialized
2025-07-15 10:54:07,184 CRIT Server 'inet_http_server' running without any HTTP authentication checking
2025-07-15 10:54:07,184 INFO supervisord started with pid 1
2025-07-15 10:54:08,200 INFO spawned: 'dramatiq' with pid 113
2025-07-15 10:54:08,202 INFO spawned: 'gunicorn' with pid 114
2025-07-15 10:54:08,204 INFO spawned: 'nginx' with pid 115
2025-07-15 10:54:14,073 INFO success: dramatiq entered RUNNING state, process has stayed up for > than 5 seconds (startsecs)
2025-07-15 10:54:14,073 INFO success: gunicorn entered RUNNING state, process has stayed up for > than 5 seconds (startsecs)
2025-07-15 10:54:14,074 INFO success: nginx entered RUNNING state, process has stayed up for > than 5 seconds (startsecs)
2025-07-15 11:16:51,208 WARN received SIGTERM indicating exit request
2025-07-15 11:16:51,210 INFO waiting for dramatiq, gunicorn, nginx to die
2025-07-15 11:16:51,255 INFO stopped: nginx (exit status 0)
2025-07-15 11:16:52,391 INFO stopped: gunicorn (exit status 0)
2025-07-15 11:16:53,271 WARN received SIGTERM indicating exit request
2025-07-15 11:16:53,390 WARN received SIGTERM indicating exit request
2025-07-15 11:16:53,628 WARN received SIGTERM indicating exit request
2025-07-15 11:16:53,881 WARN received SIGTERM indicating exit request
2025-07-15 11:16:54,275 INFO waiting for dramatiq to die
2025-07-15 11:16:56,049 INFO stopped: dramatiq (exit status 0)
2025-07-16 05:08:42,516 CRIT Supervisor is running as root.  Privileges were not dropped because no user is specified in the config file.  If you intend to run as root, you can set user=root in the config file to avoid this message.
2025-07-16 05:08:42,534 INFO RPC interface 'supervisor' initialized
2025-07-16 05:08:42,536 CRIT Server 'inet_http_server' running without any HTTP authentication checking
2025-07-16 05:08:42,538 INFO supervisord started with pid 1
2025-07-16 05:08:43,545 INFO spawned: 'dramatiq' with pid 107
2025-07-16 05:08:43,548 INFO spawned: 'gunicorn' with pid 108
2025-07-16 05:08:43,551 INFO spawned: 'nginx' with pid 109
2025-07-16 05:08:48,650 INFO success: dramatiq entered RUNNING state, process has stayed up for > than 5 seconds (startsecs)
2025-07-16 05:08:48,651 INFO success: gunicorn entered RUNNING state, process has stayed up for > than 5 seconds (startsecs)
2025-07-16 05:08:48,651 INFO success: nginx entered RUNNING state, process has stayed up for > than 5 seconds (startsecs)
2025-07-16 07:04:29,643 WARN received SIGTERM indicating exit request
2025-07-16 07:04:29,645 INFO waiting for dramatiq, gunicorn, nginx to die
2025-07-16 07:04:29,716 INFO stopped: nginx (exit status 0)
2025-07-16 07:04:30,957 INFO stopped: gunicorn (exit status 0)
2025-07-16 07:04:32,698 INFO waiting for dramatiq to die
2025-07-16 07:04:34,160 INFO stopped: dramatiq (exit status 0)
2025-07-16 11:08:17,795 CRIT Supervisor is running as root.  Privileges were not dropped because no user is specified in the config file.  If you intend to run as root, you can set user=root in the config file to avoid this message.
2025-07-16 11:08:17,800 INFO RPC interface 'supervisor' initialized
2025-07-16 11:08:17,800 CRIT Server 'inet_http_server' running without any HTTP authentication checking
2025-07-16 11:08:17,800 INFO supervisord started with pid 1
2025-07-16 11:08:18,804 INFO spawned: 'dramatiq' with pid 108
2025-07-16 11:08:18,806 INFO spawned: 'gunicorn' with pid 109
2025-07-16 11:08:18,807 INFO spawned: 'nginx' with pid 110
2025-07-16 11:08:23,950 INFO success: dramatiq entered RUNNING state, process has stayed up for > than 5 seconds (startsecs)
2025-07-16 11:08:23,950 INFO success: gunicorn entered RUNNING state, process has stayed up for > than 5 seconds (startsecs)
2025-07-16 11:08:23,951 INFO success: nginx entered RUNNING state, process has stayed up for > than 5 seconds (startsecs)
2025-07-16 11:09:44,443 WARN received SIGTERM indicating exit request
2025-07-16 11:09:44,446 INFO waiting for dramatiq, gunicorn, nginx to die
2025-07-16 11:09:45,506 INFO stopped: nginx (exit status 0)
2025-07-16 11:09:46,630 INFO stopped: gunicorn (exit status 0)
2025-07-16 11:09:46,671 WARN received SIGTERM indicating exit request
2025-07-16 11:09:46,951 WARN received SIGTERM indicating exit request
2025-07-16 11:09:47,109 WARN received SIGTERM indicating exit request
2025-07-16 11:09:47,671 WARN received SIGTERM indicating exit request
2025-07-16 11:09:47,671 INFO waiting for dramatiq to die
2025-07-16 11:09:47,809 WARN received SIGTERM indicating exit request
2025-07-16 11:09:48,003 WARN received SIGTERM indicating exit request
2025-07-16 11:09:48,113 WARN received SIGTERM indicating exit request
2025-07-16 11:09:49,623 INFO stopped: dramatiq (exit status 0)
2025-07-17 06:01:49,161 CRIT Supervisor is running as root.  Privileges were not dropped because no user is specified in the config file.  If you intend to run as root, you can set user=root in the config file to avoid this message.
2025-07-17 06:01:49,164 INFO RPC interface 'supervisor' initialized
2025-07-17 06:01:49,164 CRIT Server 'inet_http_server' running without any HTTP authentication checking
2025-07-17 06:01:49,164 INFO supervisord started with pid 1
2025-07-17 06:01:50,172 INFO spawned: 'dramatiq' with pid 108
2025-07-17 06:01:50,175 INFO spawned: 'gunicorn' with pid 109
2025-07-17 06:01:50,178 INFO spawned: 'nginx' with pid 110
2025-07-17 06:01:55,913 INFO success: dramatiq entered RUNNING state, process has stayed up for > than 5 seconds (startsecs)
2025-07-17 06:01:55,913 INFO success: gunicorn entered RUNNING state, process has stayed up for > than 5 seconds (startsecs)
2025-07-17 06:01:55,913 INFO success: nginx entered RUNNING state, process has stayed up for > than 5 seconds (startsecs)
2025-07-17 08:06:08,449 WARN received SIGTERM indicating exit request
2025-07-17 08:06:08,451 INFO waiting for dramatiq, gunicorn, nginx to die
2025-07-17 08:06:09,498 INFO stopped: nginx (exit status 0)
2025-07-17 08:06:10,358 WARN received SIGTERM indicating exit request
2025-07-17 08:06:10,653 INFO stopped: gunicorn (exit status 0)
2025-07-17 08:06:11,770 INFO waiting for dramatiq to die
2025-07-17 08:06:13,913 INFO stopped: dramatiq (exit status 0)
2025-07-17 18:01:51,774 CRIT Supervisor is running as root.  Privileges were not dropped because no user is specified in the config file.  If you intend to run as root, you can set user=root in the config file to avoid this message.
2025-07-17 18:01:51,782 INFO RPC interface 'supervisor' initialized
2025-07-17 18:01:51,782 CRIT Server 'inet_http_server' running without any HTTP authentication checking
2025-07-17 18:01:51,782 INFO supervisord started with pid 1
2025-07-17 18:01:52,569 INFO spawned: 'dramatiq' with pid 114
2025-07-17 18:01:52,571 INFO spawned: 'gunicorn' with pid 115
2025-07-17 18:01:52,572 INFO spawned: 'nginx' with pid 116
2025-07-17 18:01:57,661 INFO success: dramatiq entered RUNNING state, process has stayed up for > than 5 seconds (startsecs)
2025-07-17 18:01:57,661 INFO success: gunicorn entered RUNNING state, process has stayed up for > than 5 seconds (startsecs)
2025-07-17 18:01:57,662 INFO success: nginx entered RUNNING state, process has stayed up for > than 5 seconds (startsecs)
2025-07-17 18:02:00,674 WARN received SIGTERM indicating exit request
2025-07-17 18:02:00,675 INFO waiting for dramatiq, gunicorn, nginx to die
2025-07-17 18:02:01,712 INFO stopped: nginx (exit status 0)
2025-07-17 18:02:02,844 INFO stopped: gunicorn (exit status 0)
2025-07-17 18:02:03,758 INFO waiting for dramatiq to die
2025-07-17 18:02:06,524 INFO stopped: dramatiq (exit status 0)
2025-07-18 13:40:04,009 CRIT Supervisor is running as root.  Privileges were not dropped because no user is specified in the config file.  If you intend to run as root, you can set user=root in the config file to avoid this message.
2025-07-18 13:40:04,013 INFO RPC interface 'supervisor' initialized
2025-07-18 13:40:04,013 CRIT Server 'inet_http_server' running without any HTTP authentication checking
2025-07-18 13:40:04,014 INFO supervisord started with pid 1
2025-07-18 13:40:05,019 INFO spawned: 'dramatiq' with pid 108
2025-07-18 13:40:05,023 INFO spawned: 'gunicorn' with pid 109
2025-07-18 13:40:05,026 INFO spawned: 'nginx' with pid 110
2025-07-18 13:40:10,499 INFO success: dramatiq entered RUNNING state, process has stayed up for > than 5 seconds (startsecs)
2025-07-18 13:40:10,500 INFO success: gunicorn entered RUNNING state, process has stayed up for > than 5 seconds (startsecs)
2025-07-18 13:40:10,500 INFO success: nginx entered RUNNING state, process has stayed up for > than 5 seconds (startsecs)
2025-07-19 07:37:59,840 WARN received SIGTERM indicating exit request
2025-07-19 07:37:59,842 INFO waiting for dramatiq, gunicorn, nginx to die
2025-07-19 07:38:00,886 INFO stopped: nginx (exit status 0)
2025-07-19 07:38:02,248 INFO stopped: gunicorn (exit status 0)
2025-07-19 07:38:03,469 INFO waiting for dramatiq to die
2025-07-19 07:38:03,640 WARN received SIGTERM indicating exit request
2025-07-19 07:38:03,786 WARN received SIGTERM indicating exit request
2025-07-19 07:38:04,017 WARN received SIGTERM indicating exit request
2025-07-19 07:38:04,190 WARN received SIGTERM indicating exit request
2025-07-19 07:38:04,300 WARN received SIGTERM indicating exit request
2025-07-19 07:38:05,309 WARN received SIGTERM indicating exit request
2025-07-19 07:38:05,344 INFO stopped: dramatiq (exit status 0)
2025-07-21 08:11:04,114 CRIT Supervisor is running as root.  Privileges were not dropped because no user is specified in the config file.  If you intend to run as root, you can set user=root in the config file to avoid this message.
2025-07-21 08:11:04,132 INFO RPC interface 'supervisor' initialized
2025-07-21 08:11:04,132 CRIT Server 'inet_http_server' running without any HTTP authentication checking
2025-07-21 08:11:04,133 INFO supervisord started with pid 1
2025-07-21 08:11:05,138 INFO spawned: 'dramatiq' with pid 113
2025-07-21 08:11:05,141 INFO spawned: 'gunicorn' with pid 114
2025-07-21 08:11:05,144 INFO spawned: 'nginx' with pid 115
2025-07-21 08:11:10,912 INFO success: dramatiq entered RUNNING state, process has stayed up for > than 5 seconds (startsecs)
2025-07-21 08:11:10,913 INFO success: gunicorn entered RUNNING state, process has stayed up for > than 5 seconds (startsecs)
2025-07-21 08:11:10,913 INFO success: nginx entered RUNNING state, process has stayed up for > than 5 seconds (startsecs)
2025-07-21 08:11:22,535 WARN received SIGTERM indicating exit request
2025-07-21 08:11:22,535 INFO waiting for dramatiq, gunicorn, nginx to die
2025-07-21 08:11:22,568 INFO stopped: nginx (exit status 0)
2025-07-21 08:11:23,830 INFO stopped: gunicorn (exit status 0)
2025-07-21 08:11:25,539 INFO waiting for dramatiq to die
2025-07-21 08:11:27,050 INFO stopped: dramatiq (exit status 0)
2025-07-22 07:46:03,992 CRIT Supervisor is running as root.  Privileges were not dropped because no user is specified in the config file.  If you intend to run as root, you can set user=root in the config file to avoid this message.
2025-07-22 07:46:04,000 INFO RPC interface 'supervisor' initialized
2025-07-22 07:46:04,000 CRIT Server 'inet_http_server' running without any HTTP authentication checking
2025-07-22 07:46:04,000 INFO supervisord started with pid 1
2025-07-22 07:46:04,177 INFO spawned: 'dramatiq' with pid 114
2025-07-22 07:46:04,179 INFO spawned: 'gunicorn' with pid 115
2025-07-22 07:46:04,181 INFO spawned: 'nginx' with pid 116
2025-07-22 07:46:09,282 INFO success: dramatiq entered RUNNING state, process has stayed up for > than 5 seconds (startsecs)
2025-07-22 07:46:09,282 INFO success: gunicorn entered RUNNING state, process has stayed up for > than 5 seconds (startsecs)
2025-07-22 07:46:09,282 INFO success: nginx entered RUNNING state, process has stayed up for > than 5 seconds (startsecs)
2025-07-22 08:18:59,600 WARN received SIGTERM indicating exit request
2025-07-22 08:18:59,602 INFO waiting for dramatiq, gunicorn, nginx to die
2025-07-22 08:18:59,633 INFO stopped: nginx (exit status 0)
2025-07-22 08:19:00,780 INFO stopped: gunicorn (exit status 0)
2025-07-22 08:19:02,616 INFO waiting for dramatiq to die
2025-07-22 08:19:04,158 INFO stopped: dramatiq (exit status 0)
2025-07-22 08:20:08,998 CRIT Supervisor is running as root.  Privileges were not dropped because no user is specified in the config file.  If you intend to run as root, you can set user=root in the config file to avoid this message.
2025-07-22 08:20:09,005 INFO RPC interface 'supervisor' initialized
2025-07-22 08:20:09,006 CRIT Server 'inet_http_server' running without any HTTP authentication checking
2025-07-22 08:20:09,007 INFO supervisord started with pid 1
2025-07-22 08:20:10,013 INFO spawned: 'dramatiq' with pid 114
2025-07-22 08:20:10,016 INFO spawned: 'gunicorn' with pid 115
2025-07-22 08:20:10,019 INFO spawned: 'nginx' with pid 116
2025-07-22 08:20:15,817 INFO success: dramatiq entered RUNNING state, process has stayed up for > than 5 seconds (startsecs)
2025-07-22 08:20:15,818 INFO success: gunicorn entered RUNNING state, process has stayed up for > than 5 seconds (startsecs)
2025-07-22 08:20:15,819 INFO success: nginx entered RUNNING state, process has stayed up for > than 5 seconds (startsecs)
2025-07-22 08:25:36,694 WARN received SIGTERM indicating exit request
2025-07-22 08:25:36,695 INFO waiting for dramatiq, gunicorn, nginx to die
2025-07-22 08:25:36,765 INFO stopped: nginx (exit status 0)
2025-07-22 08:25:37,915 INFO stopped: gunicorn (exit status 0)
2025-07-22 08:25:39,738 INFO waiting for dramatiq to die
2025-07-22 08:25:41,027 INFO stopped: dramatiq (exit status 0)
2025-07-22 08:25:49,604 CRIT Supervisor is running as root.  Privileges were not dropped because no user is specified in the config file.  If you intend to run as root, you can set user=root in the config file to avoid this message.
2025-07-22 08:25:49,609 INFO RPC interface 'supervisor' initialized
2025-07-22 08:25:49,609 CRIT Server 'inet_http_server' running without any HTTP authentication checking
2025-07-22 08:25:49,609 INFO supervisord started with pid 1
2025-07-22 08:25:50,614 INFO spawned: 'dramatiq' with pid 109
2025-07-22 08:25:50,615 INFO spawned: 'gunicorn' with pid 110
2025-07-22 08:25:50,616 INFO spawned: 'nginx' with pid 111
2025-07-22 08:25:56,582 INFO success: dramatiq entered RUNNING state, process has stayed up for > than 5 seconds (startsecs)
2025-07-22 08:25:56,584 INFO success: gunicorn entered RUNNING state, process has stayed up for > than 5 seconds (startsecs)
2025-07-22 08:25:56,584 INFO success: nginx entered RUNNING state, process has stayed up for > than 5 seconds (startsecs)
2025-07-22 08:41:57,391 WARN received SIGTERM indicating exit request
2025-07-22 08:41:57,397 INFO waiting for dramatiq, gunicorn, nginx to die
2025-07-22 08:41:58,445 INFO stopped: nginx (exit status 0)
2025-07-22 08:41:59,690 INFO stopped: gunicorn (exit status 0)
2025-07-22 08:42:00,488 INFO waiting for dramatiq to die
2025-07-22 08:42:02,478 INFO stopped: dramatiq (exit status 0)
2025-07-22 08:42:10,197 CRIT Supervisor is running as root.  Privileges were not dropped because no user is specified in the config file.  If you intend to run as root, you can set user=root in the config file to avoid this message.
2025-07-22 08:42:10,201 INFO RPC interface 'supervisor' initialized
2025-07-22 08:42:10,201 CRIT Server 'inet_http_server' running without any HTTP authentication checking
2025-07-22 08:42:10,202 INFO supervisord started with pid 1
2025-07-22 08:42:11,183 INFO spawned: 'dramatiq' with pid 114
2025-07-22 08:42:11,194 INFO spawned: 'gunicorn' with pid 115
2025-07-22 08:42:11,254 INFO spawned: 'nginx' with pid 116
2025-07-22 08:42:16,352 INFO success: dramatiq entered RUNNING state, process has stayed up for > than 5 seconds (startsecs)
2025-07-22 08:42:16,352 INFO success: gunicorn entered RUNNING state, process has stayed up for > than 5 seconds (startsecs)
2025-07-22 08:42:16,352 INFO success: nginx entered RUNNING state, process has stayed up for > than 5 seconds (startsecs)
2025-07-22 08:46:30,274 WARN received SIGTERM indicating exit request
2025-07-22 08:46:30,276 INFO waiting for dramatiq, gunicorn, nginx to die
2025-07-22 08:46:31,308 INFO stopped: nginx (exit status 0)
2025-07-22 08:46:33,459 INFO stopped: gunicorn (exit status 0)
2025-07-22 08:46:33,461 INFO waiting for dramatiq to die
2025-07-22 08:46:36,516 INFO waiting for dramatiq to die
2025-07-22 08:46:36,626 INFO stopped: dramatiq (exit status 0)
2025-07-22 08:47:42,714 CRIT Supervisor is running as root.  Privileges were not dropped because no user is specified in the config file.  If you intend to run as root, you can set user=root in the config file to avoid this message.
2025-07-22 08:47:42,721 INFO RPC interface 'supervisor' initialized
2025-07-22 08:47:42,722 CRIT Server 'inet_http_server' running without any HTTP authentication checking
2025-07-22 08:47:42,722 INFO supervisord started with pid 1
2025-07-22 08:47:42,867 INFO spawned: 'dramatiq' with pid 115
2025-07-22 08:47:42,870 INFO spawned: 'gunicorn' with pid 116
2025-07-22 08:47:42,874 INFO spawned: 'nginx' with pid 117
2025-07-22 08:47:47,975 INFO success: dramatiq entered RUNNING state, process has stayed up for > than 5 seconds (startsecs)
2025-07-22 08:47:47,975 INFO success: gunicorn entered RUNNING state, process has stayed up for > than 5 seconds (startsecs)
2025-07-22 08:47:47,976 INFO success: nginx entered RUNNING state, process has stayed up for > than 5 seconds (startsecs)
2025-07-22 08:52:15,947 WARN received SIGTERM indicating exit request
2025-07-22 08:52:15,948 INFO waiting for dramatiq, gunicorn, nginx to die
2025-07-22 08:52:16,978 INFO stopped: nginx (exit status 0)
2025-07-22 08:52:18,119 INFO stopped: gunicorn (exit status 0)
2025-07-22 08:52:19,122 INFO waiting for dramatiq to die
2025-07-22 08:52:21,996 INFO stopped: dramatiq (exit status 0)
2025-07-22 08:52:30,905 CRIT Supervisor is running as root.  Privileges were not dropped because no user is specified in the config file.  If you intend to run as root, you can set user=root in the config file to avoid this message.
2025-07-22 08:52:30,914 INFO RPC interface 'supervisor' initialized
2025-07-22 08:52:30,914 CRIT Server 'inet_http_server' running without any HTTP authentication checking
2025-07-22 08:52:30,915 INFO supervisord started with pid 1
2025-07-22 08:52:31,919 INFO spawned: 'dramatiq' with pid 116
2025-07-22 08:52:31,923 INFO spawned: 'gunicorn' with pid 117
2025-07-22 08:52:31,929 INFO spawned: 'nginx' with pid 118
2025-07-22 08:52:37,833 INFO success: dramatiq entered RUNNING state, process has stayed up for > than 5 seconds (startsecs)
2025-07-22 08:52:37,834 INFO success: gunicorn entered RUNNING state, process has stayed up for > than 5 seconds (startsecs)
2025-07-22 08:52:37,834 INFO success: nginx entered RUNNING state, process has stayed up for > than 5 seconds (startsecs)
2025-07-22 09:02:08,157 WARN received SIGTERM indicating exit request
2025-07-22 09:02:08,159 INFO waiting for dramatiq, gunicorn, nginx to die
2025-07-22 09:02:08,200 INFO stopped: nginx (exit status 0)
2025-07-22 09:02:10,357 INFO stopped: gunicorn (exit status 0)
2025-07-22 09:02:11,221 INFO waiting for dramatiq to die
2025-07-22 09:02:13,827 INFO stopped: dramatiq (exit status 0)
2025-07-22 09:02:26,561 CRIT Supervisor is running as root.  Privileges were not dropped because no user is specified in the config file.  If you intend to run as root, you can set user=root in the config file to avoid this message.
2025-07-22 09:02:26,572 INFO RPC interface 'supervisor' initialized
2025-07-22 09:02:26,572 CRIT Server 'inet_http_server' running without any HTTP authentication checking
2025-07-22 09:02:26,572 INFO supervisord started with pid 1
2025-07-22 09:02:27,576 INFO spawned: 'dramatiq' with pid 109
2025-07-22 09:02:27,579 INFO spawned: 'gunicorn' with pid 110
2025-07-22 09:02:27,586 INFO spawned: 'nginx' with pid 111
2025-07-22 09:02:32,891 INFO success: dramatiq entered RUNNING state, process has stayed up for > than 5 seconds (startsecs)
2025-07-22 09:02:32,892 INFO success: gunicorn entered RUNNING state, process has stayed up for > than 5 seconds (startsecs)
2025-07-22 09:02:32,892 INFO success: nginx entered RUNNING state, process has stayed up for > than 5 seconds (startsecs)
2025-07-22 09:04:58,536 WARN received SIGTERM indicating exit request
2025-07-22 09:04:58,538 INFO waiting for dramatiq, gunicorn, nginx to die
2025-07-22 09:04:59,574 INFO stopped: nginx (exit status 0)
2025-07-22 09:05:00,715 INFO stopped: gunicorn (exit status 0)
2025-07-22 09:05:01,711 INFO waiting for dramatiq to die
2025-07-22 09:05:04,228 INFO stopped: dramatiq (exit status 0)
2025-07-22 09:05:12,126 CRIT Supervisor is running as root.  Privileges were not dropped because no user is specified in the config file.  If you intend to run as root, you can set user=root in the config file to avoid this message.
2025-07-22 09:05:12,130 INFO RPC interface 'supervisor' initialized
2025-07-22 09:05:12,130 CRIT Server 'inet_http_server' running without any HTTP authentication checking
2025-07-22 09:05:12,130 INFO supervisord started with pid 1
2025-07-22 09:05:13,156 INFO spawned: 'dramatiq' with pid 109
2025-07-22 09:05:13,163 INFO spawned: 'gunicorn' with pid 110
2025-07-22 09:05:13,189 INFO spawned: 'nginx' with pid 111
2025-07-22 09:05:18,865 INFO success: dramatiq entered RUNNING state, process has stayed up for > than 5 seconds (startsecs)
2025-07-22 09:05:18,865 INFO success: gunicorn entered RUNNING state, process has stayed up for > than 5 seconds (startsecs)
2025-07-22 09:05:18,865 INFO success: nginx entered RUNNING state, process has stayed up for > than 5 seconds (startsecs)
2025-07-22 09:22:07,070 WARN received SIGTERM indicating exit request
2025-07-22 09:22:07,072 INFO waiting for dramatiq, gunicorn, nginx to die
2025-07-22 09:22:07,124 INFO stopped: nginx (exit status 0)
2025-07-22 09:22:08,367 INFO stopped: gunicorn (exit status 0)
2025-07-22 09:22:10,085 INFO waiting for dramatiq to die
2025-07-22 09:22:11,910 INFO stopped: dramatiq (exit status 0)
2025-07-22 09:22:20,351 CRIT Supervisor is running as root.  Privileges were not dropped because no user is specified in the config file.  If you intend to run as root, you can set user=root in the config file to avoid this message.
2025-07-22 09:22:20,357 INFO RPC interface 'supervisor' initialized
2025-07-22 09:22:20,357 CRIT Server 'inet_http_server' running without any HTTP authentication checking
2025-07-22 09:22:20,357 INFO supervisord started with pid 1
2025-07-22 09:22:20,668 INFO spawned: 'dramatiq' with pid 115
2025-07-22 09:22:20,670 INFO spawned: 'gunicorn' with pid 116
2025-07-22 09:22:20,671 INFO spawned: 'nginx' with pid 117
2025-07-22 09:22:25,749 INFO success: dramatiq entered RUNNING state, process has stayed up for > than 5 seconds (startsecs)
2025-07-22 09:22:25,749 INFO success: gunicorn entered RUNNING state, process has stayed up for > than 5 seconds (startsecs)
2025-07-22 09:22:25,750 INFO success: nginx entered RUNNING state, process has stayed up for > than 5 seconds (startsecs)
2025-07-22 09:30:11,057 WARN received SIGTERM indicating exit request
2025-07-22 09:30:11,058 INFO waiting for dramatiq, gunicorn, nginx to die
2025-07-22 09:30:12,103 INFO stopped: nginx (exit status 0)
2025-07-22 09:30:13,265 INFO stopped: gunicorn (exit status 0)
2025-07-22 09:30:14,220 INFO waiting for dramatiq to die
2025-07-22 09:30:16,714 INFO stopped: dramatiq (exit status 0)
2025-07-22 09:30:27,435 CRIT Supervisor is running as root.  Privileges were not dropped because no user is specified in the config file.  If you intend to run as root, you can set user=root in the config file to avoid this message.
2025-07-22 09:30:27,442 INFO RPC interface 'supervisor' initialized
2025-07-22 09:30:27,442 CRIT Server 'inet_http_server' running without any HTTP authentication checking
2025-07-22 09:30:27,442 INFO supervisord started with pid 1
2025-07-22 09:30:28,473 INFO spawned: 'dramatiq' with pid 109
2025-07-22 09:30:28,499 INFO spawned: 'gunicorn' with pid 110
2025-07-22 09:30:28,518 INFO spawned: 'nginx' with pid 111
2025-07-22 09:30:33,694 INFO success: dramatiq entered RUNNING state, process has stayed up for > than 5 seconds (startsecs)
2025-07-22 09:30:33,695 INFO success: gunicorn entered RUNNING state, process has stayed up for > than 5 seconds (startsecs)
2025-07-22 09:30:33,695 INFO success: nginx entered RUNNING state, process has stayed up for > than 5 seconds (startsecs)
2025-07-22 09:38:48,671 WARN received SIGTERM indicating exit request
2025-07-22 09:38:48,672 INFO waiting for dramatiq, gunicorn, nginx to die
2025-07-22 09:38:49,718 INFO stopped: nginx (exit status 0)
2025-07-22 09:38:50,858 INFO stopped: gunicorn (exit status 0)
2025-07-22 09:38:51,678 INFO waiting for dramatiq to die
2025-07-22 09:38:54,211 INFO stopped: dramatiq (exit status 0)
2025-07-22 09:39:04,108 CRIT Supervisor is running as root.  Privileges were not dropped because no user is specified in the config file.  If you intend to run as root, you can set user=root in the config file to avoid this message.
2025-07-22 09:39:04,114 INFO RPC interface 'supervisor' initialized
2025-07-22 09:39:04,115 CRIT Server 'inet_http_server' running without any HTTP authentication checking
2025-07-22 09:39:04,115 INFO supervisord started with pid 1
2025-07-22 09:39:05,117 INFO spawned: 'dramatiq' with pid 109
2025-07-22 09:39:05,118 INFO spawned: 'gunicorn' with pid 110
2025-07-22 09:39:05,120 INFO spawned: 'nginx' with pid 111
2025-07-22 09:39:10,499 INFO success: dramatiq entered RUNNING state, process has stayed up for > than 5 seconds (startsecs)
2025-07-22 09:39:10,500 INFO success: gunicorn entered RUNNING state, process has stayed up for > than 5 seconds (startsecs)
2025-07-22 09:39:10,501 INFO success: nginx entered RUNNING state, process has stayed up for > than 5 seconds (startsecs)
2025-07-22 09:45:10,263 WARN received SIGTERM indicating exit request
2025-07-22 09:45:10,264 INFO waiting for dramatiq, gunicorn, nginx to die
2025-07-22 09:45:11,294 INFO stopped: nginx (exit status 0)
2025-07-22 09:45:12,437 INFO stopped: gunicorn (exit status 0)
2025-07-22 09:45:13,302 INFO waiting for dramatiq to die
2025-07-22 09:45:15,892 INFO stopped: dramatiq (exit status 0)
2025-07-22 09:45:23,858 CRIT Supervisor is running as root.  Privileges were not dropped because no user is specified in the config file.  If you intend to run as root, you can set user=root in the config file to avoid this message.
2025-07-22 09:45:23,863 INFO RPC interface 'supervisor' initialized
2025-07-22 09:45:23,865 CRIT Server 'inet_http_server' running without any HTTP authentication checking
2025-07-22 09:45:23,866 INFO supervisord started with pid 1
2025-07-22 09:45:24,700 INFO spawned: 'dramatiq' with pid 115
2025-07-22 09:45:24,702 INFO spawned: 'gunicorn' with pid 116
2025-07-22 09:45:24,705 INFO spawned: 'nginx' with pid 117
2025-07-22 09:45:29,816 INFO success: dramatiq entered RUNNING state, process has stayed up for > than 5 seconds (startsecs)
2025-07-22 09:45:29,817 INFO success: gunicorn entered RUNNING state, process has stayed up for > than 5 seconds (startsecs)
2025-07-22 09:45:29,817 INFO success: nginx entered RUNNING state, process has stayed up for > than 5 seconds (startsecs)
2025-07-22 09:45:52,186 WARN received SIGTERM indicating exit request
2025-07-22 09:45:52,187 INFO waiting for dramatiq, gunicorn, nginx to die
2025-07-22 09:45:53,222 INFO stopped: nginx (exit status 0)
2025-07-22 09:45:54,365 INFO stopped: gunicorn (exit status 0)
2025-07-22 09:45:55,195 INFO waiting for dramatiq to die
2025-07-22 09:45:57,986 INFO stopped: dramatiq (exit status 0)
2025-07-22 09:46:05,619 CRIT Supervisor is running as root.  Privileges were not dropped because no user is specified in the config file.  If you intend to run as root, you can set user=root in the config file to avoid this message.
2025-07-22 09:46:05,625 INFO RPC interface 'supervisor' initialized
2025-07-22 09:46:05,625 CRIT Server 'inet_http_server' running without any HTTP authentication checking
2025-07-22 09:46:05,625 INFO supervisord started with pid 1
2025-07-22 09:46:06,630 INFO spawned: 'dramatiq' with pid 109
2025-07-22 09:46:06,640 INFO spawned: 'gunicorn' with pid 110
2025-07-22 09:46:06,647 INFO spawned: 'nginx' with pid 111
2025-07-22 09:46:11,876 INFO success: dramatiq entered RUNNING state, process has stayed up for > than 5 seconds (startsecs)
2025-07-22 09:46:11,876 INFO success: gunicorn entered RUNNING state, process has stayed up for > than 5 seconds (startsecs)
2025-07-22 09:46:11,877 INFO success: nginx entered RUNNING state, process has stayed up for > than 5 seconds (startsecs)
2025-07-22 09:47:17,989 WARN received SIGTERM indicating exit request
2025-07-22 09:47:17,990 INFO waiting for dramatiq, gunicorn, nginx to die
2025-07-22 09:47:18,066 INFO stopped: nginx (exit status 0)
2025-07-22 09:47:19,311 INFO stopped: gunicorn (exit status 0)
2025-07-22 09:47:21,103 INFO waiting for dramatiq to die
2025-07-22 09:47:22,945 INFO stopped: dramatiq (exit status 0)
2025-07-22 09:47:30,745 CRIT Supervisor is running as root.  Privileges were not dropped because no user is specified in the config file.  If you intend to run as root, you can set user=root in the config file to avoid this message.
2025-07-22 09:47:30,754 INFO RPC interface 'supervisor' initialized
2025-07-22 09:47:30,754 CRIT Server 'inet_http_server' running without any HTTP authentication checking
2025-07-22 09:47:30,755 INFO supervisord started with pid 1
2025-07-22 09:47:31,696 INFO spawned: 'dramatiq' with pid 115
2025-07-22 09:47:31,698 INFO spawned: 'gunicorn' with pid 116
2025-07-22 09:47:31,701 INFO spawned: 'nginx' with pid 117
2025-07-22 09:47:36,807 INFO success: dramatiq entered RUNNING state, process has stayed up for > than 5 seconds (startsecs)
2025-07-22 09:47:36,807 INFO success: gunicorn entered RUNNING state, process has stayed up for > than 5 seconds (startsecs)
2025-07-22 09:47:36,808 INFO success: nginx entered RUNNING state, process has stayed up for > than 5 seconds (startsecs)
2025-07-22 13:20:41,075 WARN received SIGTERM indicating exit request
2025-07-22 13:20:41,076 INFO waiting for dramatiq, gunicorn, nginx to die
2025-07-22 13:20:42,120 INFO stopped: nginx (exit status 0)
2025-07-22 13:20:43,261 INFO stopped: gunicorn (exit status 0)
2025-07-22 13:20:44,083 INFO waiting for dramatiq to die
2025-07-22 13:20:46,749 INFO stopped: dramatiq (exit status 0)
2025-07-22 13:20:53,676 CRIT Supervisor is running as root.  Privileges were not dropped because no user is specified in the config file.  If you intend to run as root, you can set user=root in the config file to avoid this message.
2025-07-22 13:20:53,679 INFO RPC interface 'supervisor' initialized
2025-07-22 13:20:53,679 CRIT Server 'inet_http_server' running without any HTTP authentication checking
2025-07-22 13:20:53,679 INFO supervisord started with pid 1
2025-07-22 13:20:54,686 INFO spawned: 'dramatiq' with pid 108
2025-07-22 13:20:54,689 INFO spawned: 'gunicorn' with pid 109
2025-07-22 13:20:54,692 INFO spawned: 'nginx' with pid 110
2025-07-22 13:21:00,144 INFO success: dramatiq entered RUNNING state, process has stayed up for > than 5 seconds (startsecs)
2025-07-22 13:21:00,145 INFO success: gunicorn entered RUNNING state, process has stayed up for > than 5 seconds (startsecs)
2025-07-22 13:21:00,145 INFO success: nginx entered RUNNING state, process has stayed up for > than 5 seconds (startsecs)
2025-07-22 13:24:14,364 WARN received SIGTERM indicating exit request
2025-07-22 13:24:14,365 INFO waiting for dramatiq, gunicorn, nginx to die
2025-07-22 13:24:15,390 INFO stopped: nginx (exit status 0)
2025-07-22 13:24:16,525 INFO stopped: gunicorn (exit status 0)
2025-07-22 13:24:17,428 INFO waiting for dramatiq to die
2025-07-22 13:24:19,709 INFO stopped: dramatiq (exit status 0)
2025-07-22 13:24:24,992 CRIT Supervisor is running as root.  Privileges were not dropped because no user is specified in the config file.  If you intend to run as root, you can set user=root in the config file to avoid this message.
2025-07-22 13:24:24,994 INFO RPC interface 'supervisor' initialized
2025-07-22 13:24:24,994 CRIT Server 'inet_http_server' running without any HTTP authentication checking
2025-07-22 13:24:24,994 INFO supervisord started with pid 1
2025-07-22 13:24:25,998 INFO spawned: 'dramatiq' with pid 109
2025-07-22 13:24:26,000 INFO spawned: 'gunicorn' with pid 110
2025-07-22 13:24:26,001 INFO spawned: 'nginx' with pid 111
2025-07-22 13:24:31,302 INFO success: dramatiq entered RUNNING state, process has stayed up for > than 5 seconds (startsecs)
2025-07-22 13:24:31,303 INFO success: gunicorn entered RUNNING state, process has stayed up for > than 5 seconds (startsecs)
2025-07-22 13:24:31,303 INFO success: nginx entered RUNNING state, process has stayed up for > than 5 seconds (startsecs)
2025-07-22 13:29:42,515 WARN received SIGTERM indicating exit request
2025-07-22 13:29:42,517 INFO waiting for dramatiq, gunicorn, nginx to die
2025-07-22 13:29:43,549 INFO stopped: nginx (exit status 0)
2025-07-22 13:29:44,688 INFO stopped: gunicorn (exit status 0)
2025-07-22 13:29:46,054 INFO waiting for dramatiq to die
2025-07-22 13:29:47,966 INFO stopped: dramatiq (exit status 0)
2025-07-22 13:29:59,308 CRIT Supervisor is running as root.  Privileges were not dropped because no user is specified in the config file.  If you intend to run as root, you can set user=root in the config file to avoid this message.
2025-07-22 13:29:59,311 INFO RPC interface 'supervisor' initialized
2025-07-22 13:29:59,311 CRIT Server 'inet_http_server' running without any HTTP authentication checking
2025-07-22 13:29:59,311 INFO supervisord started with pid 1
2025-07-22 13:30:00,317 INFO spawned: 'dramatiq' with pid 108
2025-07-22 13:30:00,320 INFO spawned: 'gunicorn' with pid 109
2025-07-22 13:30:00,323 INFO spawned: 'nginx' with pid 110
2025-07-22 13:30:05,817 INFO success: dramatiq entered RUNNING state, process has stayed up for > than 5 seconds (startsecs)
2025-07-22 13:30:05,818 INFO success: gunicorn entered RUNNING state, process has stayed up for > than 5 seconds (startsecs)
2025-07-22 13:30:05,818 INFO success: nginx entered RUNNING state, process has stayed up for > than 5 seconds (startsecs)
2025-07-22 13:36:51,839 WARN received SIGTERM indicating exit request
2025-07-22 13:36:51,840 INFO waiting for dramatiq, gunicorn, nginx to die
2025-07-22 13:36:52,888 INFO stopped: nginx (exit status 0)
2025-07-22 13:36:54,138 INFO stopped: gunicorn (exit status 0)
2025-07-22 13:36:54,921 INFO waiting for dramatiq to die
2025-07-22 13:36:57,272 INFO stopped: dramatiq (exit status 0)
2025-07-22 13:37:02,135 CRIT Supervisor is running as root.  Privileges were not dropped because no user is specified in the config file.  If you intend to run as root, you can set user=root in the config file to avoid this message.
2025-07-22 13:37:02,139 INFO RPC interface 'supervisor' initialized
2025-07-22 13:37:02,139 CRIT Server 'inet_http_server' running without any HTTP authentication checking
2025-07-22 13:37:02,140 INFO supervisord started with pid 1
2025-07-22 13:37:03,149 INFO spawned: 'dramatiq' with pid 109
2025-07-22 13:37:03,155 INFO spawned: 'gunicorn' with pid 110
2025-07-22 13:37:03,159 INFO spawned: 'nginx' with pid 111
2025-07-22 13:37:08,499 INFO success: dramatiq entered RUNNING state, process has stayed up for > than 5 seconds (startsecs)
2025-07-22 13:37:08,500 INFO success: gunicorn entered RUNNING state, process has stayed up for > than 5 seconds (startsecs)
2025-07-22 13:37:08,500 INFO success: nginx entered RUNNING state, process has stayed up for > than 5 seconds (startsecs)
2025-07-22 13:42:33,969 WARN received SIGTERM indicating exit request
2025-07-22 13:42:33,971 INFO waiting for dramatiq, gunicorn, nginx to die
2025-07-22 13:42:35,012 INFO stopped: nginx (exit status 0)
2025-07-22 13:42:36,155 INFO stopped: gunicorn (exit status 0)
2025-07-22 13:42:36,973 INFO waiting for dramatiq to die
2025-07-22 13:42:39,327 INFO stopped: dramatiq (exit status 0)
2025-07-22 13:43:02,890 CRIT Supervisor is running as root.  Privileges were not dropped because no user is specified in the config file.  If you intend to run as root, you can set user=root in the config file to avoid this message.
2025-07-22 13:43:02,893 INFO RPC interface 'supervisor' initialized
2025-07-22 13:43:02,893 CRIT Server 'inet_http_server' running without any HTTP authentication checking
2025-07-22 13:43:02,893 INFO supervisord started with pid 1
2025-07-22 13:43:03,897 INFO spawned: 'dramatiq' with pid 108
2025-07-22 13:43:03,900 INFO spawned: 'gunicorn' with pid 109
2025-07-22 13:43:03,904 INFO spawned: 'nginx' with pid 110
2025-07-22 13:43:09,152 INFO success: dramatiq entered RUNNING state, process has stayed up for > than 5 seconds (startsecs)
2025-07-22 13:43:09,154 INFO success: gunicorn entered RUNNING state, process has stayed up for > than 5 seconds (startsecs)
2025-07-22 13:43:09,155 INFO success: nginx entered RUNNING state, process has stayed up for > than 5 seconds (startsecs)
2025-07-22 13:44:31,509 WARN received SIGTERM indicating exit request
2025-07-22 13:44:31,511 INFO waiting for dramatiq, gunicorn, nginx to die
2025-07-22 13:44:32,539 INFO stopped: nginx (exit status 0)
2025-07-22 13:44:33,670 INFO stopped: gunicorn (exit status 0)
2025-07-22 13:44:34,670 INFO waiting for dramatiq to die
2025-07-22 13:44:36,696 INFO stopped: dramatiq (exit status 0)
2025-07-22 13:46:10,224 CRIT Supervisor is running as root.  Privileges were not dropped because no user is specified in the config file.  If you intend to run as root, you can set user=root in the config file to avoid this message.
2025-07-22 13:46:10,227 INFO RPC interface 'supervisor' initialized
2025-07-22 13:46:10,227 CRIT Server 'inet_http_server' running without any HTTP authentication checking
2025-07-22 13:46:10,227 INFO supervisord started with pid 1
2025-07-22 13:46:11,234 INFO spawned: 'dramatiq' with pid 166
2025-07-22 13:46:11,238 INFO spawned: 'gunicorn' with pid 167
2025-07-22 13:46:11,241 INFO spawned: 'nginx' with pid 168
2025-07-22 13:46:15,586 WARN received SIGTERM indicating exit request
2025-07-22 13:46:15,587 INFO waiting for dramatiq, gunicorn, nginx to die
2025-07-22 13:46:16,634 INFO success: dramatiq entered RUNNING state, process has stayed up for > than 5 seconds (startsecs)
2025-07-22 13:46:16,635 INFO success: gunicorn entered RUNNING state, process has stayed up for > than 5 seconds (startsecs)
2025-07-22 13:46:16,635 INFO stopped: nginx (exit status 0)
2025-07-22 13:46:17,787 INFO stopped: gunicorn (exit status 0)
2025-07-22 13:46:18,785 INFO waiting for dramatiq to die
2025-07-22 13:46:20,606 INFO stopped: dramatiq (exit status 0)
2025-07-22 13:46:25,970 CRIT Supervisor is running as root.  Privileges were not dropped because no user is specified in the config file.  If you intend to run as root, you can set user=root in the config file to avoid this message.
2025-07-22 13:46:25,972 INFO RPC interface 'supervisor' initialized
2025-07-22 13:46:25,972 CRIT Server 'inet_http_server' running without any HTTP authentication checking
2025-07-22 13:46:25,972 INFO supervisord started with pid 1
2025-07-22 13:46:26,979 INFO spawned: 'dramatiq' with pid 109
2025-07-22 13:46:26,981 INFO spawned: 'gunicorn' with pid 110
2025-07-22 13:46:26,983 INFO spawned: 'nginx' with pid 111
2025-07-22 13:46:32,503 INFO success: dramatiq entered RUNNING state, process has stayed up for > than 5 seconds (startsecs)
2025-07-22 13:46:32,503 INFO success: gunicorn entered RUNNING state, process has stayed up for > than 5 seconds (startsecs)
2025-07-22 13:46:32,503 INFO success: nginx entered RUNNING state, process has stayed up for > than 5 seconds (startsecs)
2025-07-22 13:50:34,511 WARN received SIGTERM indicating exit request
2025-07-22 13:50:34,513 INFO waiting for dramatiq, gunicorn, nginx to die
2025-07-22 13:50:35,562 INFO stopped: nginx (exit status 0)
2025-07-22 13:50:36,801 INFO stopped: gunicorn (exit status 0)
2025-07-22 13:50:37,516 INFO waiting for dramatiq to die
2025-07-22 13:50:39,635 INFO stopped: dramatiq (exit status 0)
2025-07-22 13:50:54,222 CRIT Supervisor is running as root.  Privileges were not dropped because no user is specified in the config file.  If you intend to run as root, you can set user=root in the config file to avoid this message.
2025-07-22 13:50:54,224 INFO RPC interface 'supervisor' initialized
2025-07-22 13:50:54,224 CRIT Server 'inet_http_server' running without any HTTP authentication checking
2025-07-22 13:50:54,225 INFO supervisord started with pid 1
2025-07-22 13:50:55,228 INFO spawned: 'dramatiq' with pid 109
2025-07-22 13:50:55,230 INFO spawned: 'gunicorn' with pid 110
2025-07-22 13:50:55,232 INFO spawned: 'nginx' with pid 111
2025-07-22 13:51:00,681 INFO success: dramatiq entered RUNNING state, process has stayed up for > than 5 seconds (startsecs)
2025-07-22 13:51:00,682 INFO success: gunicorn entered RUNNING state, process has stayed up for > than 5 seconds (startsecs)
2025-07-22 13:51:00,683 INFO success: nginx entered RUNNING state, process has stayed up for > than 5 seconds (startsecs)
2025-07-22 13:57:21,774 CRIT Supervisor is running as root.  Privileges were not dropped because no user is specified in the config file.  If you intend to run as root, you can set user=root in the config file to avoid this message.
2025-07-22 13:57:21,777 INFO RPC interface 'supervisor' initialized
2025-07-22 13:57:21,777 CRIT Server 'inet_http_server' running without any HTTP authentication checking
2025-07-22 13:57:21,777 INFO supervisord started with pid 1
2025-07-22 13:57:22,172 INFO spawned: 'dramatiq' with pid 123
2025-07-22 13:57:22,173 INFO spawned: 'gunicorn' with pid 124
2025-07-22 13:57:22,174 INFO spawned: 'nginx' with pid 125
2025-07-22 13:57:27,239 INFO success: dramatiq entered RUNNING state, process has stayed up for > than 5 seconds (startsecs)
2025-07-22 13:57:27,240 INFO success: gunicorn entered RUNNING state, process has stayed up for > than 5 seconds (startsecs)
2025-07-22 13:57:27,240 INFO success: nginx entered RUNNING state, process has stayed up for > than 5 seconds (startsecs)
2025-07-22 13:58:56,728 WARN received SIGTERM indicating exit request
2025-07-22 13:58:56,731 INFO waiting for dramatiq, gunicorn, nginx to die
2025-07-22 13:58:57,781 INFO stopped: nginx (exit status 0)
2025-07-22 13:58:58,927 INFO stopped: gunicorn (exit status 0)
2025-07-22 13:58:59,879 INFO waiting for dramatiq to die
2025-07-22 13:59:02,745 INFO stopped: dramatiq (exit status 0)
2025-07-22 13:59:09,333 CRIT Supervisor is running as root.  Privileges were not dropped because no user is specified in the config file.  If you intend to run as root, you can set user=root in the config file to avoid this message.
2025-07-22 13:59:09,336 INFO RPC interface 'supervisor' initialized
2025-07-22 13:59:09,336 CRIT Server 'inet_http_server' running without any HTTP authentication checking
2025-07-22 13:59:09,336 INFO supervisord started with pid 1
2025-07-22 13:59:10,342 INFO spawned: 'dramatiq' with pid 109
2025-07-22 13:59:10,344 INFO spawned: 'gunicorn' with pid 110
2025-07-22 13:59:10,346 INFO spawned: 'nginx' with pid 111
2025-07-22 13:59:15,735 INFO success: dramatiq entered RUNNING state, process has stayed up for > than 5 seconds (startsecs)
2025-07-22 13:59:15,736 INFO success: gunicorn entered RUNNING state, process has stayed up for > than 5 seconds (startsecs)
2025-07-22 13:59:15,736 INFO success: nginx entered RUNNING state, process has stayed up for > than 5 seconds (startsecs)
2025-07-22 14:05:10,605 WARN received SIGTERM indicating exit request
2025-07-22 14:05:10,606 INFO waiting for dramatiq, gunicorn, nginx to die
2025-07-22 14:05:11,649 INFO stopped: nginx (exit status 0)
2025-07-22 14:05:12,795 INFO stopped: gunicorn (exit status 0)
2025-07-22 14:05:13,676 INFO waiting for dramatiq to die
2025-07-22 14:05:15,067 WARN received SIGTERM indicating exit request
2025-07-22 14:05:16,250 INFO stopped: dramatiq (exit status 0)
2025-07-22 14:05:25,906 CRIT Supervisor is running as root.  Privileges were not dropped because no user is specified in the config file.  If you intend to run as root, you can set user=root in the config file to avoid this message.
2025-07-22 14:05:25,909 INFO RPC interface 'supervisor' initialized
2025-07-22 14:05:25,909 CRIT Server 'inet_http_server' running without any HTTP authentication checking
2025-07-22 14:05:25,909 INFO supervisord started with pid 1
2025-07-22 14:05:26,911 INFO spawned: 'dramatiq' with pid 109
2025-07-22 14:05:26,914 INFO spawned: 'gunicorn' with pid 110
2025-07-22 14:05:26,916 INFO spawned: 'nginx' with pid 111
2025-07-22 14:05:32,279 INFO success: dramatiq entered RUNNING state, process has stayed up for > than 5 seconds (startsecs)
2025-07-22 14:05:32,280 INFO success: gunicorn entered RUNNING state, process has stayed up for > than 5 seconds (startsecs)
2025-07-22 14:05:32,280 INFO success: nginx entered RUNNING state, process has stayed up for > than 5 seconds (startsecs)
2025-07-22 14:11:15,101 WARN received SIGTERM indicating exit request
2025-07-22 14:11:15,102 INFO waiting for dramatiq, gunicorn, nginx to die
2025-07-22 14:11:15,167 INFO stopped: nginx (exit status 0)
2025-07-22 14:11:16,306 INFO stopped: gunicorn (exit status 0)
2025-07-22 14:11:18,106 INFO waiting for dramatiq to die
2025-07-22 14:11:19,905 INFO stopped: dramatiq (exit status 0)
2025-07-22 14:11:28,363 CRIT Supervisor is running as root.  Privileges were not dropped because no user is specified in the config file.  If you intend to run as root, you can set user=root in the config file to avoid this message.
2025-07-22 14:11:28,366 INFO RPC interface 'supervisor' initialized
2025-07-22 14:11:28,366 CRIT Server 'inet_http_server' running without any HTTP authentication checking
2025-07-22 14:11:28,367 INFO supervisord started with pid 1
2025-07-22 14:11:29,372 INFO spawned: 'dramatiq' with pid 109
2025-07-22 14:11:29,380 INFO spawned: 'gunicorn' with pid 110
2025-07-22 14:11:29,386 INFO spawned: 'nginx' with pid 111
2025-07-22 14:11:34,839 INFO success: dramatiq entered RUNNING state, process has stayed up for > than 5 seconds (startsecs)
2025-07-22 14:11:34,839 INFO success: gunicorn entered RUNNING state, process has stayed up for > than 5 seconds (startsecs)
2025-07-22 14:11:34,839 INFO success: nginx entered RUNNING state, process has stayed up for > than 5 seconds (startsecs)
2025-07-22 14:23:09,396 WARN received SIGTERM indicating exit request
2025-07-22 14:23:09,397 INFO waiting for dramatiq, gunicorn, nginx to die
2025-07-22 14:23:10,436 INFO stopped: nginx (exit status 0)
2025-07-22 14:23:11,576 INFO stopped: gunicorn (exit status 0)
2025-07-22 14:23:13,035 INFO waiting for dramatiq to die
2025-07-22 14:23:14,904 INFO stopped: dramatiq (exit status 0)
2025-07-22 14:23:24,826 CRIT Supervisor is running as root.  Privileges were not dropped because no user is specified in the config file.  If you intend to run as root, you can set user=root in the config file to avoid this message.
2025-07-22 14:23:24,830 INFO RPC interface 'supervisor' initialized
2025-07-22 14:23:24,830 CRIT Server 'inet_http_server' running without any HTTP authentication checking
2025-07-22 14:23:24,831 INFO supervisord started with pid 1
2025-07-22 14:23:25,840 INFO spawned: 'dramatiq' with pid 108
2025-07-22 14:23:25,846 INFO spawned: 'gunicorn' with pid 109
2025-07-22 14:23:25,851 INFO spawned: 'nginx' with pid 110
2025-07-22 14:23:31,741 INFO success: dramatiq entered RUNNING state, process has stayed up for > than 5 seconds (startsecs)
2025-07-22 14:23:31,743 INFO success: gunicorn entered RUNNING state, process has stayed up for > than 5 seconds (startsecs)
2025-07-22 14:23:31,744 INFO success: nginx entered RUNNING state, process has stayed up for > than 5 seconds (startsecs)
2025-07-22 15:48:55,141 WARN received SIGTERM indicating exit request
2025-07-22 15:48:55,144 INFO waiting for dramatiq, gunicorn, nginx to die
2025-07-22 15:48:56,201 INFO stopped: nginx (exit status 0)
2025-07-22 15:48:57,344 INFO stopped: gunicorn (exit status 0)
2025-07-22 15:48:58,558 INFO waiting for dramatiq to die
2025-07-22 15:49:00,470 INFO stopped: dramatiq (exit status 0)
2025-07-22 15:49:18,041 CRIT Supervisor is running as root.  Privileges were not dropped because no user is specified in the config file.  If you intend to run as root, you can set user=root in the config file to avoid this message.
2025-07-22 15:49:18,044 INFO RPC interface 'supervisor' initialized
2025-07-22 15:49:18,044 CRIT Server 'inet_http_server' running without any HTTP authentication checking
2025-07-22 15:49:18,044 INFO supervisord started with pid 1
2025-07-22 15:49:19,052 INFO spawned: 'dramatiq' with pid 109
2025-07-22 15:49:19,055 INFO spawned: 'gunicorn' with pid 110
2025-07-22 15:49:19,058 INFO spawned: 'nginx' with pid 111
2025-07-22 15:49:24,273 INFO success: dramatiq entered RUNNING state, process has stayed up for > than 5 seconds (startsecs)
2025-07-22 15:49:24,275 INFO success: gunicorn entered RUNNING state, process has stayed up for > than 5 seconds (startsecs)
2025-07-22 15:49:24,276 INFO success: nginx entered RUNNING state, process has stayed up for > than 5 seconds (startsecs)
2025-07-22 15:57:04,901 WARN received SIGTERM indicating exit request
2025-07-22 15:57:04,904 INFO waiting for dramatiq, gunicorn, nginx to die
2025-07-22 15:57:05,952 INFO stopped: nginx (exit status 0)
2025-07-22 15:57:05,958 WARN received SIGTERM indicating exit request
2025-07-22 15:57:07,094 INFO stopped: gunicorn (exit status 0)
2025-07-22 15:57:08,413 INFO waiting for dramatiq to die
2025-07-22 15:57:10,147 INFO stopped: dramatiq (exit status 0)
2025-07-22 15:58:43,047 CRIT Supervisor is running as root.  Privileges were not dropped because no user is specified in the config file.  If you intend to run as root, you can set user=root in the config file to avoid this message.
2025-07-22 15:58:43,050 INFO RPC interface 'supervisor' initialized
2025-07-22 15:58:43,050 CRIT Server 'inet_http_server' running without any HTTP authentication checking
2025-07-22 15:58:43,051 INFO supervisord started with pid 1
2025-07-22 15:58:44,060 INFO spawned: 'dramatiq' with pid 108
2025-07-22 15:58:44,073 INFO spawned: 'gunicorn' with pid 109
2025-07-22 15:58:44,076 INFO spawned: 'nginx' with pid 110
2025-07-22 15:58:49,362 INFO success: dramatiq entered RUNNING state, process has stayed up for > than 5 seconds (startsecs)
2025-07-22 15:58:49,364 INFO success: gunicorn entered RUNNING state, process has stayed up for > than 5 seconds (startsecs)
2025-07-22 15:58:49,364 INFO success: nginx entered RUNNING state, process has stayed up for > than 5 seconds (startsecs)
2025-07-22 16:03:06,933 WARN received SIGTERM indicating exit request
2025-07-22 16:03:06,936 INFO waiting for dramatiq, gunicorn, nginx to die
2025-07-22 16:03:07,996 INFO stopped: nginx (exit status 0)
2025-07-22 16:03:09,128 INFO stopped: gunicorn (exit status 0)
2025-07-22 16:03:10,031 INFO waiting for dramatiq to die
2025-07-22 16:03:12,980 INFO stopped: dramatiq (exit status 0)
2025-07-22 16:03:26,627 CRIT Supervisor is running as root.  Privileges were not dropped because no user is specified in the config file.  If you intend to run as root, you can set user=root in the config file to avoid this message.
2025-07-22 16:03:26,629 INFO RPC interface 'supervisor' initialized
2025-07-22 16:03:26,629 CRIT Server 'inet_http_server' running without any HTTP authentication checking
2025-07-22 16:03:26,629 INFO supervisord started with pid 1
2025-07-22 16:03:27,633 INFO spawned: 'dramatiq' with pid 109
2025-07-22 16:03:27,636 INFO spawned: 'gunicorn' with pid 110
2025-07-22 16:03:27,638 INFO spawned: 'nginx' with pid 111
2025-07-22 16:03:32,667 INFO success: dramatiq entered RUNNING state, process has stayed up for > than 5 seconds (startsecs)
2025-07-22 16:03:32,669 INFO success: gunicorn entered RUNNING state, process has stayed up for > than 5 seconds (startsecs)
2025-07-22 16:03:32,669 INFO success: nginx entered RUNNING state, process has stayed up for > than 5 seconds (startsecs)
2025-07-22 16:39:12,494 WARN received SIGTERM indicating exit request
2025-07-22 16:39:12,498 INFO waiting for dramatiq, gunicorn, nginx to die
2025-07-22 16:39:13,553 INFO stopped: nginx (exit status 0)
2025-07-22 16:39:14,697 INFO stopped: gunicorn (exit status 0)
2025-07-22 16:39:15,555 INFO waiting for dramatiq to die
2025-07-22 16:39:17,954 INFO stopped: dramatiq (exit status 0)
2025-07-23 05:50:56,517 CRIT Supervisor is running as root.  Privileges were not dropped because no user is specified in the config file.  If you intend to run as root, you can set user=root in the config file to avoid this message.
2025-07-23 05:50:56,535 INFO RPC interface 'supervisor' initialized
2025-07-23 05:50:56,535 CRIT Server 'inet_http_server' running without any HTTP authentication checking
2025-07-23 05:50:56,536 INFO supervisord started with pid 1
2025-07-23 05:50:57,539 INFO spawned: 'dramatiq' with pid 117
2025-07-23 05:50:57,542 INFO spawned: 'gunicorn' with pid 118
2025-07-23 05:50:57,546 INFO spawned: 'nginx' with pid 119
2025-07-23 05:51:02,899 INFO success: dramatiq entered RUNNING state, process has stayed up for > than 5 seconds (startsecs)
2025-07-23 05:51:02,900 INFO success: gunicorn entered RUNNING state, process has stayed up for > than 5 seconds (startsecs)
2025-07-23 05:51:02,900 INFO success: nginx entered RUNNING state, process has stayed up for > than 5 seconds (startsecs)
2025-07-23 11:52:40,614 WARN received SIGTERM indicating exit request
2025-07-23 11:52:40,615 INFO waiting for dramatiq, gunicorn, nginx to die
2025-07-23 11:52:41,651 INFO stopped: nginx (exit status 0)
2025-07-23 11:52:42,795 INFO stopped: gunicorn (exit status 0)
2025-07-23 11:52:44,096 INFO waiting for dramatiq to die
2025-07-23 11:52:46,494 INFO stopped: dramatiq (exit status 0)
2025-07-23 11:53:26,141 CRIT Supervisor is running as root.  Privileges were not dropped because no user is specified in the config file.  If you intend to run as root, you can set user=root in the config file to avoid this message.
2025-07-23 11:53:26,145 INFO RPC interface 'supervisor' initialized
2025-07-23 11:53:26,145 CRIT Server 'inet_http_server' running without any HTTP authentication checking
2025-07-23 11:53:26,145 INFO supervisord started with pid 1
2025-07-23 11:53:27,156 INFO spawned: 'dramatiq' with pid 113
2025-07-23 11:53:27,162 INFO spawned: 'gunicorn' with pid 114
2025-07-23 11:53:27,168 INFO spawned: 'nginx' with pid 115
2025-07-23 11:53:32,197 INFO success: dramatiq entered RUNNING state, process has stayed up for > than 5 seconds (startsecs)
2025-07-23 11:53:32,198 INFO success: gunicorn entered RUNNING state, process has stayed up for > than 5 seconds (startsecs)
2025-07-23 11:53:32,198 INFO success: nginx entered RUNNING state, process has stayed up for > than 5 seconds (startsecs)
2025-07-23 11:55:04,925 WARN received SIGTERM indicating exit request
2025-07-23 11:55:04,927 INFO waiting for dramatiq, gunicorn, nginx to die
2025-07-23 11:55:05,978 INFO stopped: nginx (exit status 0)
2025-07-23 11:55:07,110 INFO stopped: gunicorn (exit status 0)
2025-07-23 11:55:07,933 INFO waiting for dramatiq to die
2025-07-23 11:55:10,503 INFO stopped: dramatiq (exit status 0)
2025-07-23 11:55:20,631 CRIT Supervisor is running as root.  Privileges were not dropped because no user is specified in the config file.  If you intend to run as root, you can set user=root in the config file to avoid this message.
2025-07-23 11:55:20,635 INFO RPC interface 'supervisor' initialized
2025-07-23 11:55:20,635 CRIT Server 'inet_http_server' running without any HTTP authentication checking
2025-07-23 11:55:20,636 INFO supervisord started with pid 1
2025-07-23 11:55:21,642 INFO spawned: 'dramatiq' with pid 113
2025-07-23 11:55:21,646 INFO spawned: 'gunicorn' with pid 114
2025-07-23 11:55:21,650 INFO spawned: 'nginx' with pid 115
2025-07-23 11:55:26,924 INFO success: dramatiq entered RUNNING state, process has stayed up for > than 5 seconds (startsecs)
2025-07-23 11:55:26,924 INFO success: gunicorn entered RUNNING state, process has stayed up for > than 5 seconds (startsecs)
2025-07-23 11:55:26,925 INFO success: nginx entered RUNNING state, process has stayed up for > than 5 seconds (startsecs)
2025-07-23 11:57:27,229 WARN received SIGTERM indicating exit request
2025-07-23 11:57:27,230 INFO waiting for dramatiq, gunicorn, nginx to die
2025-07-23 11:57:28,257 INFO stopped: nginx (exit status 0)
2025-07-23 11:57:30,409 INFO stopped: gunicorn (exit status 0)
2025-07-23 11:57:30,411 INFO waiting for dramatiq to die
2025-07-23 11:57:33,396 INFO stopped: dramatiq (exit status 0)
2025-07-23 11:58:02,431 CRIT Supervisor is running as root.  Privileges were not dropped because no user is specified in the config file.  If you intend to run as root, you can set user=root in the config file to avoid this message.
2025-07-23 11:58:02,435 INFO RPC interface 'supervisor' initialized
2025-07-23 11:58:02,435 CRIT Server 'inet_http_server' running without any HTTP authentication checking
2025-07-23 11:58:02,435 INFO supervisord started with pid 1
2025-07-23 11:58:03,443 INFO spawned: 'dramatiq' with pid 113
2025-07-23 11:58:03,446 INFO spawned: 'gunicorn' with pid 114
2025-07-23 11:58:03,450 INFO spawned: 'nginx' with pid 115
2025-07-23 11:58:08,476 INFO success: dramatiq entered RUNNING state, process has stayed up for > than 5 seconds (startsecs)
2025-07-23 11:58:08,477 INFO success: gunicorn entered RUNNING state, process has stayed up for > than 5 seconds (startsecs)
2025-07-23 11:58:08,479 INFO success: nginx entered RUNNING state, process has stayed up for > than 5 seconds (startsecs)
2025-07-23 12:04:09,880 WARN received SIGTERM indicating exit request
2025-07-23 12:04:09,881 INFO waiting for dramatiq, gunicorn, nginx to die
2025-07-23 12:04:10,920 INFO stopped: nginx (exit status 0)
2025-07-23 12:04:12,078 INFO stopped: gunicorn (exit status 0)
2025-07-23 12:04:13,636 INFO waiting for dramatiq to die
2025-07-23 12:04:15,669 INFO stopped: dramatiq (exit status 0)
2025-07-23 12:04:23,707 CRIT Supervisor is running as root.  Privileges were not dropped because no user is specified in the config file.  If you intend to run as root, you can set user=root in the config file to avoid this message.
2025-07-23 12:04:23,712 INFO RPC interface 'supervisor' initialized
2025-07-23 12:04:23,712 CRIT Server 'inet_http_server' running without any HTTP authentication checking
2025-07-23 12:04:23,712 INFO supervisord started with pid 1
2025-07-23 12:04:24,716 INFO spawned: 'dramatiq' with pid 113
2025-07-23 12:04:24,721 INFO spawned: 'gunicorn' with pid 114
2025-07-23 12:04:24,723 INFO spawned: 'nginx' with pid 115
2025-07-23 12:04:29,923 INFO success: dramatiq entered RUNNING state, process has stayed up for > than 5 seconds (startsecs)
2025-07-23 12:04:29,924 INFO success: gunicorn entered RUNNING state, process has stayed up for > than 5 seconds (startsecs)
2025-07-23 12:04:29,925 INFO success: nginx entered RUNNING state, process has stayed up for > than 5 seconds (startsecs)
2025-07-23 12:05:25,950 WARN received SIGTERM indicating exit request
2025-07-23 12:05:25,951 INFO waiting for dramatiq, gunicorn, nginx to die
2025-07-23 12:05:26,973 INFO stopped: nginx (exit status 0)
2025-07-23 12:05:28,121 INFO stopped: gunicorn (exit status 0)
2025-07-23 12:05:29,286 INFO waiting for dramatiq to die
2025-07-23 12:05:31,508 INFO stopped: dramatiq (exit status 0)
2025-07-23 12:05:39,613 CRIT Supervisor is running as root.  Privileges were not dropped because no user is specified in the config file.  If you intend to run as root, you can set user=root in the config file to avoid this message.
2025-07-23 12:05:39,617 INFO RPC interface 'supervisor' initialized
2025-07-23 12:05:39,617 CRIT Server 'inet_http_server' running without any HTTP authentication checking
2025-07-23 12:05:39,617 INFO supervisord started with pid 1
2025-07-23 12:05:40,624 INFO spawned: 'dramatiq' with pid 113
2025-07-23 12:05:40,628 INFO spawned: 'gunicorn' with pid 114
2025-07-23 12:05:40,633 INFO spawned: 'nginx' with pid 115
2025-07-23 12:05:46,305 INFO success: dramatiq entered RUNNING state, process has stayed up for > than 5 seconds (startsecs)
2025-07-23 12:05:46,306 INFO success: gunicorn entered RUNNING state, process has stayed up for > than 5 seconds (startsecs)
2025-07-23 12:05:46,307 INFO success: nginx entered RUNNING state, process has stayed up for > than 5 seconds (startsecs)
2025-07-23 12:08:18,553 WARN received SIGTERM indicating exit request
2025-07-23 12:08:18,555 INFO waiting for dramatiq, gunicorn, nginx to die
2025-07-23 12:08:18,592 INFO stopped: nginx (exit status 0)
2025-07-23 12:08:19,731 INFO stopped: gunicorn (exit status 0)
2025-07-23 12:08:21,581 INFO waiting for dramatiq to die
2025-07-23 12:08:22,859 INFO stopped: dramatiq (exit status 0)
2025-07-23 12:08:29,819 CRIT Supervisor is running as root.  Privileges were not dropped because no user is specified in the config file.  If you intend to run as root, you can set user=root in the config file to avoid this message.
2025-07-23 12:08:29,823 INFO RPC interface 'supervisor' initialized
2025-07-23 12:08:29,823 CRIT Server 'inet_http_server' running without any HTTP authentication checking
2025-07-23 12:08:29,823 INFO supervisord started with pid 1
2025-07-23 12:08:30,832 INFO spawned: 'dramatiq' with pid 112
2025-07-23 12:08:30,834 INFO spawned: 'gunicorn' with pid 113
2025-07-23 12:08:30,836 INFO spawned: 'nginx' with pid 114
2025-07-23 12:08:36,142 INFO success: dramatiq entered RUNNING state, process has stayed up for > than 5 seconds (startsecs)
2025-07-23 12:08:36,142 INFO success: gunicorn entered RUNNING state, process has stayed up for > than 5 seconds (startsecs)
2025-07-23 12:08:36,143 INFO success: nginx entered RUNNING state, process has stayed up for > than 5 seconds (startsecs)
2025-07-23 12:09:22,653 WARN received SIGTERM indicating exit request
2025-07-23 12:09:22,656 INFO waiting for dramatiq, gunicorn, nginx to die
2025-07-23 12:09:22,699 INFO stopped: nginx (exit status 0)
2025-07-23 12:09:23,850 INFO stopped: gunicorn (exit status 0)
2025-07-23 12:09:25,680 INFO waiting for dramatiq to die
2025-07-23 12:09:27,379 INFO stopped: dramatiq (exit status 0)
2025-07-23 12:09:52,217 CRIT Supervisor is running as root.  Privileges were not dropped because no user is specified in the config file.  If you intend to run as root, you can set user=root in the config file to avoid this message.
2025-07-23 12:09:52,219 INFO RPC interface 'supervisor' initialized
2025-07-23 12:09:52,219 CRIT Server 'inet_http_server' running without any HTTP authentication checking
2025-07-23 12:09:52,219 INFO supervisord started with pid 1
2025-07-23 12:09:53,228 INFO spawned: 'dramatiq' with pid 112
2025-07-23 12:09:53,235 INFO spawned: 'gunicorn' with pid 113
2025-07-23 12:09:53,240 INFO spawned: 'nginx' with pid 114
2025-07-23 12:09:58,985 INFO success: dramatiq entered RUNNING state, process has stayed up for > than 5 seconds (startsecs)
2025-07-23 12:09:58,986 INFO success: gunicorn entered RUNNING state, process has stayed up for > than 5 seconds (startsecs)
2025-07-23 12:09:58,986 INFO success: nginx entered RUNNING state, process has stayed up for > than 5 seconds (startsecs)
2025-07-23 12:12:20,584 WARN received SIGTERM indicating exit request
2025-07-23 12:12:20,587 INFO waiting for dramatiq, gunicorn, nginx to die
2025-07-23 12:12:21,628 INFO stopped: nginx (exit status 0)
2025-07-23 12:12:22,971 INFO stopped: gunicorn (exit status 0)
2025-07-23 12:12:23,866 INFO waiting for dramatiq to die
2025-07-23 12:12:26,144 INFO stopped: dramatiq (exit status 0)
2025-07-23 12:12:34,029 CRIT Supervisor is running as root.  Privileges were not dropped because no user is specified in the config file.  If you intend to run as root, you can set user=root in the config file to avoid this message.
2025-07-23 12:12:34,032 INFO RPC interface 'supervisor' initialized
2025-07-23 12:12:34,032 CRIT Server 'inet_http_server' running without any HTTP authentication checking
2025-07-23 12:12:34,032 INFO supervisord started with pid 1
2025-07-23 12:12:35,042 INFO spawned: 'dramatiq' with pid 116
2025-07-23 12:12:35,046 INFO spawned: 'gunicorn' with pid 117
2025-07-23 12:12:35,050 INFO spawned: 'nginx' with pid 118
2025-07-23 12:12:40,812 INFO success: dramatiq entered RUNNING state, process has stayed up for > than 5 seconds (startsecs)
2025-07-23 12:12:40,814 INFO success: gunicorn entered RUNNING state, process has stayed up for > than 5 seconds (startsecs)
2025-07-23 12:12:40,815 INFO success: nginx entered RUNNING state, process has stayed up for > than 5 seconds (startsecs)
2025-07-24 08:52:31,370 WARN received SIGTERM indicating exit request
2025-07-24 08:52:31,374 INFO waiting for dramatiq, gunicorn, nginx to die
2025-07-24 08:52:32,732 INFO stopped: nginx (exit status 0)
2025-07-24 08:52:33,999 INFO stopped: gunicorn (exit status 0)
2025-07-24 08:52:35,099 INFO waiting for dramatiq to die
2025-07-24 08:52:36,961 INFO stopped: dramatiq (exit status 0)
2025-07-24 08:52:56,250 CRIT Supervisor is running as root.  Privileges were not dropped because no user is specified in the config file.  If you intend to run as root, you can set user=root in the config file to avoid this message.
2025-07-24 08:52:56,257 INFO RPC interface 'supervisor' initialized
2025-07-24 08:52:56,257 CRIT Server 'inet_http_server' running without any HTTP authentication checking
2025-07-24 08:52:56,257 INFO supervisord started with pid 1
2025-07-24 08:52:56,261 INFO spawned: 'dramatiq' with pid 127
2025-07-24 08:52:56,263 INFO spawned: 'gunicorn' with pid 128
2025-07-24 08:52:56,265 INFO spawned: 'nginx' with pid 129
2025-07-24 08:53:01,371 INFO success: dramatiq entered RUNNING state, process has stayed up for > than 5 seconds (startsecs)
2025-07-24 08:53:01,372 INFO success: gunicorn entered RUNNING state, process has stayed up for > than 5 seconds (startsecs)
2025-07-24 08:53:01,372 INFO success: nginx entered RUNNING state, process has stayed up for > than 5 seconds (startsecs)
2025-07-24 09:08:29,810 WARN received SIGTERM indicating exit request
2025-07-24 09:08:29,812 INFO waiting for dramatiq, gunicorn, nginx to die
2025-07-24 09:08:29,902 INFO stopped: nginx (exit status 0)
2025-07-24 09:08:31,743 INFO stopped: gunicorn (exit status 0)
2025-07-24 09:08:32,812 INFO waiting for dramatiq to die
2025-07-24 09:08:35,263 INFO stopped: dramatiq (exit status 0)
2025-07-24 09:08:54,164 CRIT Supervisor is running as root.  Privileges were not dropped because no user is specified in the config file.  If you intend to run as root, you can set user=root in the config file to avoid this message.
2025-07-24 09:08:54,180 INFO RPC interface 'supervisor' initialized
2025-07-24 09:08:54,181 CRIT Server 'inet_http_server' running without any HTTP authentication checking
2025-07-24 09:08:54,182 INFO supervisord started with pid 1
2025-07-24 09:08:55,191 INFO spawned: 'dramatiq' with pid 126
2025-07-24 09:08:55,198 INFO spawned: 'gunicorn' with pid 127
2025-07-24 09:08:55,203 INFO spawned: 'nginx' with pid 128
2025-07-24 09:09:01,173 INFO success: dramatiq entered RUNNING state, process has stayed up for > than 5 seconds (startsecs)
2025-07-24 09:09:01,174 INFO success: gunicorn entered RUNNING state, process has stayed up for > than 5 seconds (startsecs)
2025-07-24 09:09:01,175 INFO success: nginx entered RUNNING state, process has stayed up for > than 5 seconds (startsecs)
2025-07-24 09:11:40,926 WARN received SIGTERM indicating exit request
2025-07-24 09:11:40,928 INFO waiting for dramatiq, gunicorn, nginx to die
2025-07-24 09:11:41,990 INFO stopped: nginx (exit status 0)
2025-07-24 09:11:43,134 INFO stopped: gunicorn (exit status 0)
2025-07-24 09:11:44,047 INFO waiting for dramatiq to die
2025-07-24 09:11:46,897 INFO stopped: dramatiq (exit status 0)
2025-07-24 09:12:05,022 CRIT Supervisor is running as root.  Privileges were not dropped because no user is specified in the config file.  If you intend to run as root, you can set user=root in the config file to avoid this message.
2025-07-24 09:12:05,034 INFO RPC interface 'supervisor' initialized
2025-07-24 09:12:05,034 CRIT Server 'inet_http_server' running without any HTTP authentication checking
2025-07-24 09:12:05,034 INFO supervisord started with pid 1
2025-07-24 09:12:05,251 INFO spawned: 'dramatiq' with pid 127
2025-07-24 09:12:05,253 INFO spawned: 'gunicorn' with pid 128
2025-07-24 09:12:05,256 INFO spawned: 'nginx' with pid 129
2025-07-24 09:12:10,355 INFO success: dramatiq entered RUNNING state, process has stayed up for > than 5 seconds (startsecs)
2025-07-24 09:12:10,356 INFO success: gunicorn entered RUNNING state, process has stayed up for > than 5 seconds (startsecs)
2025-07-24 09:12:10,356 INFO success: nginx entered RUNNING state, process has stayed up for > than 5 seconds (startsecs)
2025-07-24 09:13:18,600 WARN received SIGTERM indicating exit request
2025-07-24 09:13:18,602 INFO waiting for dramatiq, gunicorn, nginx to die
2025-07-24 09:13:19,665 INFO stopped: nginx (exit status 0)
2025-07-24 09:13:20,631 INFO stopped: gunicorn (exit status 0)
2025-07-24 09:13:21,666 INFO waiting for dramatiq to die
2025-07-24 09:13:24,150 INFO stopped: dramatiq (exit status 0)
2025-07-24 09:13:38,677 CRIT Supervisor is running as root.  Privileges were not dropped because no user is specified in the config file.  If you intend to run as root, you can set user=root in the config file to avoid this message.
2025-07-24 09:13:38,684 INFO RPC interface 'supervisor' initialized
2025-07-24 09:13:38,684 CRIT Server 'inet_http_server' running without any HTTP authentication checking
2025-07-24 09:13:38,685 INFO supervisord started with pid 1
2025-07-24 09:13:39,690 INFO spawned: 'dramatiq' with pid 126
2025-07-24 09:13:39,693 INFO spawned: 'gunicorn' with pid 127
2025-07-24 09:13:39,700 INFO spawned: 'nginx' with pid 128
2025-07-24 09:13:45,497 INFO success: dramatiq entered RUNNING state, process has stayed up for > than 5 seconds (startsecs)
2025-07-24 09:13:45,498 INFO success: gunicorn entered RUNNING state, process has stayed up for > than 5 seconds (startsecs)
2025-07-24 09:13:45,498 INFO success: nginx entered RUNNING state, process has stayed up for > than 5 seconds (startsecs)
2025-07-24 09:15:33,437 WARN received SIGTERM indicating exit request
2025-07-24 09:15:33,439 INFO waiting for dramatiq, gunicorn, nginx to die
2025-07-24 09:15:34,487 INFO stopped: nginx (exit status 0)
2025-07-24 09:15:35,546 INFO stopped: gunicorn (exit status 0)
2025-07-24 09:15:36,505 INFO waiting for dramatiq to die
2025-07-24 09:15:39,357 INFO stopped: dramatiq (exit status 0)
2025-07-24 09:19:20,594 CRIT Supervisor is running as root.  Privileges were not dropped because no user is specified in the config file.  If you intend to run as root, you can set user=root in the config file to avoid this message.
2025-07-24 09:19:20,600 INFO RPC interface 'supervisor' initialized
2025-07-24 09:19:20,600 CRIT Server 'inet_http_server' running without any HTTP authentication checking
2025-07-24 09:19:20,600 INFO supervisord started with pid 1
2025-07-24 09:19:21,607 INFO spawned: 'dramatiq' with pid 127
2025-07-24 09:19:21,611 INFO spawned: 'gunicorn' with pid 128
2025-07-24 09:19:21,638 INFO spawned: 'nginx' with pid 129
2025-07-24 09:19:27,030 INFO success: dramatiq entered RUNNING state, process has stayed up for > than 5 seconds (startsecs)
2025-07-24 09:19:27,031 INFO success: gunicorn entered RUNNING state, process has stayed up for > than 5 seconds (startsecs)
2025-07-24 09:19:27,031 INFO success: nginx entered RUNNING state, process has stayed up for > than 5 seconds (startsecs)
2025-07-24 09:24:18,367 WARN received SIGTERM indicating exit request
2025-07-24 09:24:18,372 INFO waiting for dramatiq, gunicorn, nginx to die
2025-07-24 09:24:19,426 INFO stopped: nginx (exit status 0)
2025-07-24 09:24:20,469 INFO stopped: gunicorn (exit status 0)
2025-07-24 09:24:21,670 INFO waiting for dramatiq to die
2025-07-24 09:24:23,650 INFO stopped: dramatiq (exit status 0)
2025-07-24 09:24:44,671 CRIT Supervisor is running as root.  Privileges were not dropped because no user is specified in the config file.  If you intend to run as root, you can set user=root in the config file to avoid this message.
2025-07-24 09:24:44,679 INFO RPC interface 'supervisor' initialized
2025-07-24 09:24:44,680 CRIT Server 'inet_http_server' running without any HTTP authentication checking
2025-07-24 09:24:44,681 INFO supervisord started with pid 1
2025-07-24 09:24:45,686 INFO spawned: 'dramatiq' with pid 127
2025-07-24 09:24:45,689 INFO spawned: 'gunicorn' with pid 128
2025-07-24 09:24:45,693 INFO spawned: 'nginx' with pid 129
2025-07-24 09:24:50,730 INFO success: dramatiq entered RUNNING state, process has stayed up for > than 5 seconds (startsecs)
2025-07-24 09:24:50,730 INFO success: gunicorn entered RUNNING state, process has stayed up for > than 5 seconds (startsecs)
2025-07-24 09:24:50,731 INFO success: nginx entered RUNNING state, process has stayed up for > than 5 seconds (startsecs)
2025-07-24 09:25:47,785 WARN received SIGTERM indicating exit request
2025-07-24 09:25:47,788 INFO waiting for dramatiq, gunicorn, nginx to die
2025-07-24 09:25:48,855 INFO stopped: nginx (exit status 0)
2025-07-24 09:25:50,007 INFO stopped: gunicorn (exit status 0)
2025-07-24 09:25:50,805 INFO waiting for dramatiq to die
2025-07-24 09:25:53,048 INFO stopped: dramatiq (exit status 0)
2025-07-24 09:29:30,378 CRIT Supervisor is running as root.  Privileges were not dropped because no user is specified in the config file.  If you intend to run as root, you can set user=root in the config file to avoid this message.
2025-07-24 09:29:30,385 INFO RPC interface 'supervisor' initialized
2025-07-24 09:29:30,385 CRIT Server 'inet_http_server' running without any HTTP authentication checking
2025-07-24 09:29:30,385 INFO supervisord started with pid 1
2025-07-24 09:29:31,311 INFO spawned: 'dramatiq' with pid 127
2025-07-24 09:29:31,314 INFO spawned: 'gunicorn' with pid 128
2025-07-24 09:29:31,316 INFO spawned: 'nginx' with pid 129
2025-07-24 09:29:36,467 INFO success: dramatiq entered RUNNING state, process has stayed up for > than 5 seconds (startsecs)
2025-07-24 09:29:36,468 INFO success: gunicorn entered RUNNING state, process has stayed up for > than 5 seconds (startsecs)
2025-07-24 09:29:36,468 INFO success: nginx entered RUNNING state, process has stayed up for > than 5 seconds (startsecs)
2025-07-24 09:31:45,771 WARN received SIGTERM indicating exit request
2025-07-24 09:31:45,775 INFO waiting for dramatiq, gunicorn, nginx to die
2025-07-24 09:31:46,845 INFO stopped: nginx (exit status 0)
2025-07-24 09:31:48,099 INFO stopped: gunicorn (exit status 0)
2025-07-24 09:31:48,856 INFO waiting for dramatiq to die
2025-07-24 09:31:51,506 INFO stopped: dramatiq (exit status 0)
2025-07-24 09:32:38,052 CRIT Supervisor is running as root.  Privileges were not dropped because no user is specified in the config file.  If you intend to run as root, you can set user=root in the config file to avoid this message.
2025-07-24 09:32:38,064 INFO RPC interface 'supervisor' initialized
2025-07-24 09:32:38,064 CRIT Server 'inet_http_server' running without any HTTP authentication checking
2025-07-24 09:32:38,065 INFO supervisord started with pid 1
2025-07-24 09:32:38,918 INFO spawned: 'dramatiq' with pid 126
2025-07-24 09:32:38,921 INFO spawned: 'gunicorn' with pid 127
2025-07-24 09:32:38,923 INFO spawned: 'nginx' with pid 128
2025-07-24 09:32:44,025 INFO success: dramatiq entered RUNNING state, process has stayed up for > than 5 seconds (startsecs)
2025-07-24 09:32:44,025 INFO success: gunicorn entered RUNNING state, process has stayed up for > than 5 seconds (startsecs)
2025-07-24 09:32:44,025 INFO success: nginx entered RUNNING state, process has stayed up for > than 5 seconds (startsecs)
2025-07-24 09:36:36,180 WARN received SIGTERM indicating exit request
2025-07-24 09:36:36,182 INFO waiting for dramatiq, gunicorn, nginx to die
2025-07-24 09:36:37,211 INFO stopped: nginx (exit status 0)
2025-07-24 09:36:38,261 INFO stopped: gunicorn (exit status 0)
2025-07-24 09:36:39,308 INFO waiting for dramatiq to die
2025-07-24 09:36:41,834 INFO stopped: dramatiq (exit status 0)
2025-07-24 09:36:58,743 CRIT Supervisor is running as root.  Privileges were not dropped because no user is specified in the config file.  If you intend to run as root, you can set user=root in the config file to avoid this message.
2025-07-24 09:36:58,751 INFO RPC interface 'supervisor' initialized
2025-07-24 09:36:58,752 CRIT Server 'inet_http_server' running without any HTTP authentication checking
2025-07-24 09:36:58,752 INFO supervisord started with pid 1
2025-07-24 09:36:59,756 INFO spawned: 'dramatiq' with pid 120
2025-07-24 09:36:59,759 INFO spawned: 'gunicorn' with pid 121
2025-07-24 09:36:59,763 INFO spawned: 'nginx' with pid 122
2025-07-24 09:37:01,177 WARN received SIGTERM indicating exit request
2025-07-24 09:37:01,179 INFO waiting for dramatiq, gunicorn, nginx to die
2025-07-24 09:37:01,359 INFO stopped: nginx (exit status 0)
2025-07-24 09:37:01,981 INFO stopped: gunicorn (exit status 0)
2025-07-24 09:37:05,058 INFO waiting for dramatiq to die
2025-07-24 09:37:05,083 INFO stopped: dramatiq (exit status 0)
2025-07-24 09:37:30,804 CRIT Supervisor is running as root.  Privileges were not dropped because no user is specified in the config file.  If you intend to run as root, you can set user=root in the config file to avoid this message.
2025-07-24 09:37:30,811 INFO RPC interface 'supervisor' initialized
2025-07-24 09:37:30,811 CRIT Server 'inet_http_server' running without any HTTP authentication checking
2025-07-24 09:37:30,812 INFO supervisord started with pid 1
2025-07-24 09:37:31,817 INFO spawned: 'dramatiq' with pid 128
2025-07-24 09:37:31,822 INFO spawned: 'gunicorn' with pid 129
2025-07-24 09:37:31,828 INFO spawned: 'nginx' with pid 130
2025-07-24 09:37:36,874 INFO success: dramatiq entered RUNNING state, process has stayed up for > than 5 seconds (startsecs)
2025-07-24 09:37:36,874 INFO success: gunicorn entered RUNNING state, process has stayed up for > than 5 seconds (startsecs)
2025-07-24 09:37:36,874 INFO success: nginx entered RUNNING state, process has stayed up for > than 5 seconds (startsecs)
2025-07-24 09:44:23,418 WARN received SIGTERM indicating exit request
2025-07-24 09:44:23,420 INFO waiting for dramatiq, gunicorn, nginx to die
2025-07-24 09:44:23,500 INFO stopped: nginx (exit status 0)
2025-07-24 09:44:24,472 INFO stopped: gunicorn (exit status 0)
2025-07-24 09:44:26,454 INFO waiting for dramatiq to die
2025-07-24 09:44:28,145 INFO stopped: dramatiq (exit status 0)
2025-07-24 09:44:55,148 CRIT Supervisor is running as root.  Privileges were not dropped because no user is specified in the config file.  If you intend to run as root, you can set user=root in the config file to avoid this message.
2025-07-24 09:44:55,153 INFO RPC interface 'supervisor' initialized
2025-07-24 09:44:55,153 CRIT Server 'inet_http_server' running without any HTTP authentication checking
2025-07-24 09:44:55,153 INFO supervisord started with pid 1
2025-07-24 09:44:56,159 INFO spawned: 'dramatiq' with pid 127
2025-07-24 09:44:56,165 INFO spawned: 'gunicorn' with pid 128
2025-07-24 09:44:56,176 INFO spawned: 'nginx' with pid 129
2025-07-24 09:45:01,702 INFO success: dramatiq entered RUNNING state, process has stayed up for > than 5 seconds (startsecs)
2025-07-24 09:45:01,703 INFO success: gunicorn entered RUNNING state, process has stayed up for > than 5 seconds (startsecs)
2025-07-24 09:45:01,703 INFO success: nginx entered RUNNING state, process has stayed up for > than 5 seconds (startsecs)
2025-07-24 09:49:58,223 WARN received SIGTERM indicating exit request
2025-07-24 09:49:58,225 INFO waiting for dramatiq, gunicorn, nginx to die
2025-07-24 09:49:59,276 INFO stopped: nginx (exit status 0)
2025-07-24 09:50:00,424 INFO stopped: gunicorn (exit status 0)
2025-07-24 09:50:01,236 INFO waiting for dramatiq to die
2025-07-24 09:50:04,130 INFO stopped: dramatiq (exit status 0)
2025-07-24 09:50:27,640 CRIT Supervisor is running as root.  Privileges were not dropped because no user is specified in the config file.  If you intend to run as root, you can set user=root in the config file to avoid this message.
2025-07-24 09:50:27,649 INFO RPC interface 'supervisor' initialized
2025-07-24 09:50:27,649 CRIT Server 'inet_http_server' running without any HTTP authentication checking
2025-07-24 09:50:27,650 INFO supervisord started with pid 1
2025-07-24 09:50:28,654 INFO spawned: 'dramatiq' with pid 126
2025-07-24 09:50:28,657 INFO spawned: 'gunicorn' with pid 127
2025-07-24 09:50:28,659 INFO spawned: 'nginx' with pid 128
2025-07-24 09:50:34,397 INFO success: dramatiq entered RUNNING state, process has stayed up for > than 5 seconds (startsecs)
2025-07-24 09:50:34,398 INFO success: gunicorn entered RUNNING state, process has stayed up for > than 5 seconds (startsecs)
2025-07-24 09:50:34,398 INFO success: nginx entered RUNNING state, process has stayed up for > than 5 seconds (startsecs)
2025-07-24 09:51:40,523 WARN received SIGTERM indicating exit request
2025-07-24 09:51:40,558 INFO waiting for dramatiq, gunicorn, nginx to die
2025-07-24 09:51:41,608 INFO stopped: nginx (exit status 0)
2025-07-24 09:51:42,913 INFO stopped: gunicorn (exit status 0)
2025-07-24 09:51:43,558 INFO waiting for dramatiq to die
2025-07-24 09:51:46,443 INFO stopped: dramatiq (exit status 0)
2025-07-24 09:53:10,454 CRIT Supervisor is running as root.  Privileges were not dropped because no user is specified in the config file.  If you intend to run as root, you can set user=root in the config file to avoid this message.
2025-07-24 09:53:10,464 INFO RPC interface 'supervisor' initialized
2025-07-24 09:53:10,471 CRIT Server 'inet_http_server' running without any HTTP authentication checking
2025-07-24 09:53:10,475 INFO supervisord started with pid 1
2025-07-24 09:53:11,196 INFO spawned: 'dramatiq' with pid 127
2025-07-24 09:53:11,199 INFO spawned: 'gunicorn' with pid 128
2025-07-24 09:53:11,203 INFO spawned: 'nginx' with pid 129
2025-07-24 09:53:16,313 INFO success: dramatiq entered RUNNING state, process has stayed up for > than 5 seconds (startsecs)
2025-07-24 09:53:16,313 INFO success: gunicorn entered RUNNING state, process has stayed up for > than 5 seconds (startsecs)
2025-07-24 09:53:16,313 INFO success: nginx entered RUNNING state, process has stayed up for > than 5 seconds (startsecs)
2025-07-24 09:53:22,403 WARN received SIGTERM indicating exit request
2025-07-24 09:53:22,405 INFO waiting for dramatiq, gunicorn, nginx to die
2025-07-24 09:53:22,452 INFO stopped: nginx (exit status 0)
2025-07-24 09:53:23,490 INFO stopped: gunicorn (exit status 0)
2025-07-24 09:53:25,453 INFO waiting for dramatiq to die
2025-07-24 09:53:26,584 INFO stopped: dramatiq (exit status 0)
2025-07-24 09:53:54,504 CRIT Supervisor is running as root.  Privileges were not dropped because no user is specified in the config file.  If you intend to run as root, you can set user=root in the config file to avoid this message.
2025-07-24 09:53:54,513 INFO RPC interface 'supervisor' initialized
2025-07-24 09:53:54,514 CRIT Server 'inet_http_server' running without any HTTP authentication checking
2025-07-24 09:53:54,515 INFO supervisord started with pid 1
2025-07-24 09:53:54,735 INFO spawned: 'dramatiq' with pid 127
2025-07-24 09:53:54,737 INFO spawned: 'gunicorn' with pid 128
2025-07-24 09:53:54,740 INFO spawned: 'nginx' with pid 129
2025-07-24 09:53:59,747 INFO success: dramatiq entered RUNNING state, process has stayed up for > than 5 seconds (startsecs)
2025-07-24 09:53:59,747 INFO success: gunicorn entered RUNNING state, process has stayed up for > than 5 seconds (startsecs)
2025-07-24 09:53:59,747 INFO success: nginx entered RUNNING state, process has stayed up for > than 5 seconds (startsecs)
2025-07-24 09:58:55,514 WARN received SIGTERM indicating exit request
2025-07-24 09:58:55,515 INFO waiting for dramatiq, gunicorn, nginx to die
2025-07-24 09:58:55,641 INFO stopped: nginx (exit status 0)
2025-07-24 09:58:56,681 INFO stopped: gunicorn (exit status 0)
2025-07-24 09:58:58,548 INFO waiting for dramatiq to die
2025-07-24 09:59:00,268 INFO stopped: dramatiq (exit status 0)
2025-07-24 09:59:22,910 CRIT Supervisor is running as root.  Privileges were not dropped because no user is specified in the config file.  If you intend to run as root, you can set user=root in the config file to avoid this message.
2025-07-24 09:59:22,920 INFO RPC interface 'supervisor' initialized
2025-07-24 09:59:22,920 CRIT Server 'inet_http_server' running without any HTTP authentication checking
2025-07-24 09:59:22,921 INFO supervisord started with pid 1
2025-07-24 09:59:23,923 INFO spawned: 'dramatiq' with pid 127
2025-07-24 09:59:23,925 INFO spawned: 'gunicorn' with pid 128
2025-07-24 09:59:23,929 INFO spawned: 'nginx' with pid 129
2025-07-24 09:59:29,701 INFO success: dramatiq entered RUNNING state, process has stayed up for > than 5 seconds (startsecs)
2025-07-24 09:59:29,701 INFO success: gunicorn entered RUNNING state, process has stayed up for > than 5 seconds (startsecs)
2025-07-24 09:59:29,702 INFO success: nginx entered RUNNING state, process has stayed up for > than 5 seconds (startsecs)
2025-07-24 10:03:37,290 WARN received SIGTERM indicating exit request
2025-07-24 10:03:37,291 INFO waiting for dramatiq, gunicorn, nginx to die
2025-07-24 10:03:37,383 INFO stopped: nginx (exit status 0)
2025-07-24 10:03:38,527 INFO stopped: gunicorn (exit status 0)
2025-07-24 10:03:40,466 INFO waiting for dramatiq to die
2025-07-24 10:03:41,761 INFO stopped: dramatiq (exit status 0)
2025-07-24 10:04:44,876 CRIT Supervisor is running as root.  Privileges were not dropped because no user is specified in the config file.  If you intend to run as root, you can set user=root in the config file to avoid this message.
2025-07-24 10:04:44,885 INFO RPC interface 'supervisor' initialized
2025-07-24 10:04:44,885 CRIT Server 'inet_http_server' running without any HTTP authentication checking
2025-07-24 10:04:44,886 INFO supervisord started with pid 1
2025-07-24 10:04:45,891 INFO spawned: 'dramatiq' with pid 127
2025-07-24 10:04:45,896 INFO spawned: 'gunicorn' with pid 128
2025-07-24 10:04:45,922 INFO spawned: 'nginx' with pid 129
2025-07-24 10:04:50,989 INFO success: dramatiq entered RUNNING state, process has stayed up for > than 5 seconds (startsecs)
2025-07-24 10:04:50,993 INFO success: gunicorn entered RUNNING state, process has stayed up for > than 5 seconds (startsecs)
2025-07-24 10:04:50,993 INFO success: nginx entered RUNNING state, process has stayed up for > than 5 seconds (startsecs)
